{"C:\\Users\\Taylor Treece\\dev\\nodejs-ecommerce-app\\backend\\app.js": {"path":"C:\\Users\\Taylor Treece\\dev\\nodejs-ecommerce-app\\backend\\app.js","statementMap":{"0":{"start":{"line":1,"column":0},"end":{"line":1,"column":27}},"1":{"start":{"line":2,"column":16},"end":{"line":2,"column":44}},"2":{"start":{"line":3,"column":13},"end":{"line":3,"column":28}},"3":{"start":{"line":4,"column":24},"end":{"line":4,"column":48}},"4":{"start":{"line":5,"column":9},"end":{"line":5,"column":22}},"5":{"start":{"line":6,"column":18},"end":{"line":6,"column":40}},"6":{"start":{"line":7,"column":14},"end":{"line":7,"column":32}},"7":{"start":{"line":8,"column":11},"end":{"line":8,"column":26}},"8":{"start":{"line":9,"column":19},"end":{"line":9,"column":43}},"9":{"start":{"line":10,"column":13},"end":{"line":10,"column":39}},"10":{"start":{"line":12,"column":18},"end":{"line":12,"column":43}},"11":{"start":{"line":13,"column":18},"end":{"line":13,"column":43}},"12":{"start":{"line":14,"column":17},"end":{"line":14,"column":44}},"13":{"start":{"line":15,"column":21},"end":{"line":15,"column":49}},"14":{"start":{"line":16,"column":19},"end":{"line":16,"column":45}},"15":{"start":{"line":17,"column":18},"end":{"line":17,"column":43}},"16":{"start":{"line":19,"column":13},"end":{"line":19,"column":37}},"17":{"start":{"line":21,"column":10},"end":{"line":21,"column":19}},"18":{"start":{"line":24,"column":0},"end":{"line":24,"column":48}},"19":{"start":{"line":25,"column":0},"end":{"line":25,"column":31}},"20":{"start":{"line":28,"column":0},"end":{"line":28,"column":39}},"21":{"start":{"line":29,"column":0},"end":{"line":29,"column":49}},"22":{"start":{"line":30,"column":0},"end":{"line":30,"column":24}},"23":{"start":{"line":31,"column":0},"end":{"line":31,"column":56}},"24":{"start":{"line":33,"column":0},"end":{"line":33,"column":16}},"25":{"start":{"line":34,"column":0},"end":{"line":34,"column":26}},"26":{"start":{"line":37,"column":0},"end":{"line":37,"column":26}},"27":{"start":{"line":38,"column":0},"end":{"line":38,"column":31}},"28":{"start":{"line":39,"column":0},"end":{"line":39,"column":28}},"29":{"start":{"line":40,"column":0},"end":{"line":40,"column":37}},"30":{"start":{"line":41,"column":0},"end":{"line":41,"column":33}},"31":{"start":{"line":42,"column":0},"end":{"line":42,"column":30}},"32":{"start":{"line":44,"column":0},"end":{"line":44,"column":18}},"33":{"start":{"line":46,"column":0},"end":{"line":48,"column":3}},"34":{"start":{"line":47,"column":2},"end":{"line":47,"column":25}},"35":{"start":{"line":51,"column":0},"end":{"line":59,"column":3}},"36":{"start":{"line":53,"column":2},"end":{"line":53,"column":35}},"37":{"start":{"line":54,"column":2},"end":{"line":54,"column":69}},"38":{"start":{"line":57,"column":2},"end":{"line":57,"column":32}},"39":{"start":{"line":58,"column":2},"end":{"line":58,"column":22}},"40":{"start":{"line":61,"column":0},"end":{"line":61,"column":21}}},"fnMap":{"0":{"name":"(anonymous_0)","decl":{"start":{"line":46,"column":8},"end":{"line":46,"column":9}},"loc":{"start":{"line":46,"column":33},"end":{"line":48,"column":1}},"line":46},"1":{"name":"(anonymous_1)","decl":{"start":{"line":51,"column":8},"end":{"line":51,"column":9}},"loc":{"start":{"line":51,"column":38},"end":{"line":59,"column":1}},"line":51}},"branchMap":{"0":{"loc":{"start":{"line":54,"column":21},"end":{"line":54,"column":68}},"type":"cond-expr","locations":[{"start":{"line":54,"column":60},"end":{"line":54,"column":63}},{"start":{"line":54,"column":66},"end":{"line":54,"column":68}}],"line":54},"1":{"loc":{"start":{"line":57,"column":13},"end":{"line":57,"column":30}},"type":"binary-expr","locations":[{"start":{"line":57,"column":13},"end":{"line":57,"column":23}},{"start":{"line":57,"column":27},"end":{"line":57,"column":30}}],"line":57}},"s":{"0":1,"1":1,"2":1,"3":1,"4":1,"5":1,"6":1,"7":1,"8":1,"9":1,"10":1,"11":1,"12":1,"13":1,"14":1,"15":1,"16":1,"17":1,"18":1,"19":1,"20":1,"21":1,"22":1,"23":1,"24":1,"25":1,"26":1,"27":1,"28":1,"29":1,"30":1,"31":1,"32":1,"33":1,"34":0,"35":1,"36":0,"37":0,"38":0,"39":0,"40":1},"f":{"0":0,"1":0},"b":{"0":[0,0],"1":[0,0]},"_coverageSchema":"1a1c01bbd47fc00a2c39e90264f33305004495a9","hash":"9ab9ed9aa0652265cb03eac857c104f39e2f7f8b"}
,"C:\\Users\\Taylor Treece\\dev\\nodejs-ecommerce-app\\backend\\config\\cors.js": {"path":"C:\\Users\\Taylor Treece\\dev\\nodejs-ecommerce-app\\backend\\config\\cors.js","statementMap":{"0":{"start":{"line":1,"column":20},"end":{"line":4,"column":3}},"1":{"start":{"line":6,"column":0},"end":{"line":6,"column":32}}},"fnMap":{},"branchMap":{},"s":{"0":1,"1":1},"f":{},"b":{},"_coverageSchema":"1a1c01bbd47fc00a2c39e90264f33305004495a9","hash":"6e36bf7c89f8a806468f4b6e57b1678a041ee6b0"}
,"C:\\Users\\Taylor Treece\\dev\\nodejs-ecommerce-app\\backend\\config\\database.js": {"path":"C:\\Users\\Taylor Treece\\dev\\nodejs-ecommerce-app\\backend\\config\\database.js","statementMap":{"0":{"start":{"line":1,"column":22},"end":{"line":1,"column":33}},"1":{"start":{"line":2,"column":17},"end":{"line":2,"column":36}},"2":{"start":{"line":4,"column":0},"end":{"line":22,"column":2}},"3":{"start":{"line":7,"column":4},"end":{"line":12,"column":5}},"4":{"start":{"line":8,"column":6},"end":{"line":8,"column":40}},"5":{"start":{"line":11,"column":6},"end":{"line":11,"column":47}},"6":{"start":{"line":15,"column":4},"end":{"line":20,"column":5}},"7":{"start":{"line":16,"column":6},"end":{"line":16,"column":37}},"8":{"start":{"line":17,"column":6},"end":{"line":17,"column":49}},"9":{"start":{"line":19,"column":6},"end":{"line":19,"column":49}}},"fnMap":{"0":{"name":"(anonymous_0)","decl":{"start":{"line":6,"column":11},"end":{"line":6,"column":12}},"loc":{"start":{"line":6,"column":23},"end":{"line":13,"column":3}},"line":6},"1":{"name":"(anonymous_1)","decl":{"start":{"line":14,"column":14},"end":{"line":14,"column":15}},"loc":{"start":{"line":14,"column":30},"end":{"line":21,"column":3}},"line":14}},"branchMap":{},"s":{"0":1,"1":1,"2":1,"3":1,"4":1,"5":0,"6":0,"7":0,"8":0,"9":0},"f":{"0":1,"1":0},"b":{},"_coverageSchema":"1a1c01bbd47fc00a2c39e90264f33305004495a9","hash":"f00bb82a241103b59f9bef9a057b259a98e4cc8a"}
,"C:\\Users\\Taylor Treece\\dev\\nodejs-ecommerce-app\\backend\\config\\morgan.js": {"path":"C:\\Users\\Taylor Treece\\dev\\nodejs-ecommerce-app\\backend\\config\\morgan.js","statementMap":{"0":{"start":{"line":1,"column":15},"end":{"line":1,"column":32}},"1":{"start":{"line":2,"column":11},"end":{"line":2,"column":24}},"2":{"start":{"line":3,"column":11},"end":{"line":3,"column":26}},"3":{"start":{"line":5,"column":24},"end":{"line":8,"column":5}},"4":{"start":{"line":10,"column":15},"end":{"line":10,"column":62}},"5":{"start":{"line":12,"column":0},"end":{"line":12,"column":23}}},"fnMap":{},"branchMap":{},"s":{"0":1,"1":1,"2":1,"3":1,"4":1,"5":1},"f":{},"b":{},"_coverageSchema":"1a1c01bbd47fc00a2c39e90264f33305004495a9","hash":"34d48368d9df0e3779cdc85e414de14e0836dfe6"}
,"C:\\Users\\Taylor Treece\\dev\\nodejs-ecommerce-app\\backend\\models\\user.js": {"path":"C:\\Users\\Taylor Treece\\dev\\nodejs-ecommerce-app\\backend\\models\\user.js","statementMap":{"0":{"start":{"line":1,"column":17},"end":{"line":1,"column":36}},"1":{"start":{"line":3,"column":19},"end":{"line":10,"column":2}},"2":{"start":{"line":12,"column":0},"end":{"line":12,"column":51}}},"fnMap":{},"branchMap":{},"s":{"0":1,"1":1,"2":1},"f":{},"b":{},"_coverageSchema":"1a1c01bbd47fc00a2c39e90264f33305004495a9","hash":"2d97ca09f5cd7ca514fbd0dcc494696e93fd28e8"}
,"C:\\Users\\Taylor Treece\\dev\\nodejs-ecommerce-app\\backend\\routes\\auth.js": {"path":"C:\\Users\\Taylor Treece\\dev\\nodejs-ecommerce-app\\backend\\routes\\auth.js","statementMap":{"0":{"start":{"line":1,"column":14},"end":{"line":1,"column":32}},"1":{"start":{"line":2,"column":13},"end":{"line":2,"column":38}},"2":{"start":{"line":3,"column":13},"end":{"line":3,"column":29}},"3":{"start":{"line":4,"column":15},"end":{"line":4,"column":32}},"4":{"start":{"line":5,"column":12},"end":{"line":5,"column":35}},"5":{"start":{"line":8,"column":0},"end":{"line":49,"column":6}},"6":{"start":{"line":9,"column":4},"end":{"line":48,"column":9}},"7":{"start":{"line":10,"column":57},"end":{"line":10,"column":65}},"8":{"start":{"line":12,"column":8},"end":{"line":14,"column":9}},"9":{"start":{"line":13,"column":12},"end":{"line":13,"column":60}},"10":{"start":{"line":18,"column":24},"end":{"line":18,"column":53}},"11":{"start":{"line":20,"column":8},"end":{"line":22,"column":9}},"12":{"start":{"line":21,"column":12},"end":{"line":21,"column":78}},"13":{"start":{"line":25,"column":8},"end":{"line":25,"column":63}},"14":{"start":{"line":27,"column":21},"end":{"line":32,"column":10}},"15":{"start":{"line":35,"column":22},"end":{"line":39,"column":13}},"16":{"start":{"line":41,"column":12},"end":{"line":41,"column":31}},"17":{"start":{"line":43,"column":12},"end":{"line":43,"column":38}},"18":{"start":{"line":47,"column":12},"end":{"line":47,"column":28}},"19":{"start":{"line":52,"column":4},"end":{"line":86,"column":6}},"20":{"start":{"line":53,"column":8},"end":{"line":85,"column":9}},"21":{"start":{"line":55,"column":40},"end":{"line":55,"column":48}},"22":{"start":{"line":56,"column":12},"end":{"line":56,"column":40}},"23":{"start":{"line":58,"column":12},"end":{"line":60,"column":13}},"24":{"start":{"line":59,"column":16},"end":{"line":59,"column":62}},"25":{"start":{"line":63,"column":25},"end":{"line":63,"column":54}},"26":{"start":{"line":64,"column":12},"end":{"line":64,"column":45}},"27":{"start":{"line":65,"column":12},"end":{"line":80,"column":13}},"28":{"start":{"line":67,"column":16},"end":{"line":67,"column":63}},"29":{"start":{"line":68,"column":30},"end":{"line":74,"column":17}},"30":{"start":{"line":75,"column":16},"end":{"line":75,"column":50}},"31":{"start":{"line":77,"column":16},"end":{"line":77,"column":35}},"32":{"start":{"line":79,"column":16},"end":{"line":79,"column":50}},"33":{"start":{"line":82,"column":12},"end":{"line":82,"column":63}},"34":{"start":{"line":84,"column":12},"end":{"line":84,"column":41}},"35":{"start":{"line":88,"column":4},"end":{"line":88,"column":28}}},"fnMap":{"0":{"name":"(anonymous_0)","decl":{"start":{"line":8,"column":25},"end":{"line":8,"column":26}},"loc":{"start":{"line":8,"column":51},"end":{"line":49,"column":5}},"line":8},"1":{"name":"(anonymous_1)","decl":{"start":{"line":52,"column":26},"end":{"line":52,"column":27}},"loc":{"start":{"line":52,"column":52},"end":{"line":86,"column":5}},"line":52}},"branchMap":{"0":{"loc":{"start":{"line":12,"column":8},"end":{"line":14,"column":9}},"type":"if","locations":[{"start":{"line":12,"column":8},"end":{"line":14,"column":9}},{"start":{},"end":{}}],"line":12},"1":{"loc":{"start":{"line":12,"column":14},"end":{"line":12,"column":56}},"type":"binary-expr","locations":[{"start":{"line":12,"column":14},"end":{"line":12,"column":19}},{"start":{"line":12,"column":23},"end":{"line":12,"column":31}},{"start":{"line":12,"column":35},"end":{"line":12,"column":44}},{"start":{"line":12,"column":48},"end":{"line":12,"column":56}}],"line":12},"2":{"loc":{"start":{"line":20,"column":8},"end":{"line":22,"column":9}},"type":"if","locations":[{"start":{"line":20,"column":8},"end":{"line":22,"column":9}},{"start":{},"end":{}}],"line":20},"3":{"loc":{"start":{"line":58,"column":12},"end":{"line":60,"column":13}},"type":"if","locations":[{"start":{"line":58,"column":12},"end":{"line":60,"column":13}},{"start":{},"end":{}}],"line":58},"4":{"loc":{"start":{"line":58,"column":18},"end":{"line":58,"column":35}},"type":"binary-expr","locations":[{"start":{"line":58,"column":18},"end":{"line":58,"column":23}},{"start":{"line":58,"column":27},"end":{"line":58,"column":35}}],"line":58},"5":{"loc":{"start":{"line":65,"column":12},"end":{"line":80,"column":13}},"type":"if","locations":[{"start":{"line":65,"column":12},"end":{"line":80,"column":13}},{"start":{},"end":{}}],"line":65},"6":{"loc":{"start":{"line":65,"column":15},"end":{"line":65,"column":70}},"type":"binary-expr","locations":[{"start":{"line":65,"column":15},"end":{"line":65,"column":19}},{"start":{"line":65,"column":24},"end":{"line":65,"column":69}}],"line":65}},"s":{"0":1,"1":1,"2":1,"3":1,"4":1,"5":1,"6":0,"7":0,"8":0,"9":0,"10":0,"11":0,"12":0,"13":0,"14":0,"15":0,"16":0,"17":0,"18":0,"19":1,"20":0,"21":0,"22":0,"23":0,"24":0,"25":0,"26":0,"27":0,"28":0,"29":0,"30":0,"31":0,"32":0,"33":0,"34":0,"35":1},"f":{"0":0,"1":0},"b":{"0":[0,0],"1":[0,0,0,0],"2":[0,0],"3":[0,0],"4":[0,0],"5":[0,0],"6":[0,0]},"_coverageSchema":"1a1c01bbd47fc00a2c39e90264f33305004495a9","hash":"ab78f32bae4c559da03cd2c81f7a1a7c986029b4"}
,"C:\\Users\\Taylor Treece\\dev\\nodejs-ecommerce-app\\backend\\routes\\carts.js": {"path":"C:\\Users\\Taylor Treece\\dev\\nodejs-ecommerce-app\\backend\\routes\\carts.js","statementMap":{"0":{"start":{"line":1,"column":14},"end":{"line":1,"column":32}},"1":{"start":{"line":2,"column":13},"end":{"line":2,"column":29}},"2":{"start":{"line":3,"column":13},"end":{"line":3,"column":53}},"3":{"start":{"line":5,"column":0},"end":{"line":7,"column":2}},"4":{"start":{"line":6,"column":4},"end":{"line":6,"column":44}},"5":{"start":{"line":9,"column":0},"end":{"line":9,"column":24}}},"fnMap":{"0":{"name":"(anonymous_0)","decl":{"start":{"line":5,"column":22},"end":{"line":5,"column":23}},"loc":{"start":{"line":5,"column":48},"end":{"line":7,"column":1}},"line":5}},"branchMap":{},"s":{"0":1,"1":1,"2":1,"3":1,"4":0,"5":1},"f":{"0":0},"b":{},"_coverageSchema":"1a1c01bbd47fc00a2c39e90264f33305004495a9","hash":"ed14d4c747247714c2c3c5b804023c74d3db843b"}
,"C:\\Users\\Taylor Treece\\dev\\nodejs-ecommerce-app\\backend\\routes\\index.js": {"path":"C:\\Users\\Taylor Treece\\dev\\nodejs-ecommerce-app\\backend\\routes\\index.js","statementMap":{"0":{"start":{"line":1,"column":14},"end":{"line":1,"column":32}},"1":{"start":{"line":2,"column":13},"end":{"line":2,"column":29}},"2":{"start":{"line":3,"column":13},"end":{"line":3,"column":53}},"3":{"start":{"line":6,"column":0},"end":{"line":8,"column":3}},"4":{"start":{"line":7,"column":2},"end":{"line":7,"column":51}},"5":{"start":{"line":10,"column":0},"end":{"line":10,"column":24}}},"fnMap":{"0":{"name":"(anonymous_0)","decl":{"start":{"line":6,"column":16},"end":{"line":6,"column":17}},"loc":{"start":{"line":6,"column":41},"end":{"line":8,"column":1}},"line":6}},"branchMap":{},"s":{"0":1,"1":1,"2":1,"3":1,"4":1,"5":1},"f":{"0":1},"b":{},"_coverageSchema":"1a1c01bbd47fc00a2c39e90264f33305004495a9","hash":"658d2813d959e736db362a11bb1b0cde6ad7aa2b"}
,"C:\\Users\\Taylor Treece\\dev\\nodejs-ecommerce-app\\backend\\routes\\orders.js": {"path":"C:\\Users\\Taylor Treece\\dev\\nodejs-ecommerce-app\\backend\\routes\\orders.js","statementMap":{"0":{"start":{"line":1,"column":14},"end":{"line":1,"column":32}},"1":{"start":{"line":2,"column":13},"end":{"line":2,"column":29}},"2":{"start":{"line":3,"column":13},"end":{"line":3,"column":53}},"3":{"start":{"line":5,"column":0},"end":{"line":7,"column":3}},"4":{"start":{"line":6,"column":4},"end":{"line":6,"column":45}},"5":{"start":{"line":9,"column":0},"end":{"line":9,"column":24}}},"fnMap":{"0":{"name":"(anonymous_0)","decl":{"start":{"line":5,"column":22},"end":{"line":5,"column":23}},"loc":{"start":{"line":5,"column":48},"end":{"line":7,"column":1}},"line":5}},"branchMap":{},"s":{"0":1,"1":1,"2":1,"3":1,"4":0,"5":1},"f":{"0":0},"b":{},"_coverageSchema":"1a1c01bbd47fc00a2c39e90264f33305004495a9","hash":"e3e04ae22a2f7ffd670949c800bb8a250ff0a7d3"}
,"C:\\Users\\Taylor Treece\\dev\\nodejs-ecommerce-app\\backend\\routes\\products.js": {"path":"C:\\Users\\Taylor Treece\\dev\\nodejs-ecommerce-app\\backend\\routes\\products.js","statementMap":{"0":{"start":{"line":1,"column":14},"end":{"line":1,"column":32}},"1":{"start":{"line":2,"column":13},"end":{"line":2,"column":29}},"2":{"start":{"line":3,"column":13},"end":{"line":3,"column":53}},"3":{"start":{"line":5,"column":0},"end":{"line":7,"column":2}},"4":{"start":{"line":6,"column":4},"end":{"line":6,"column":47}},"5":{"start":{"line":9,"column":0},"end":{"line":9,"column":24}}},"fnMap":{"0":{"name":"(anonymous_0)","decl":{"start":{"line":5,"column":16},"end":{"line":5,"column":17}},"loc":{"start":{"line":5,"column":42},"end":{"line":7,"column":1}},"line":5}},"branchMap":{},"s":{"0":1,"1":1,"2":1,"3":1,"4":1,"5":1},"f":{"0":1},"b":{},"_coverageSchema":"1a1c01bbd47fc00a2c39e90264f33305004495a9","hash":"e668236c557f98d56fd498db46678093aca438e4"}
,"C:\\Users\\Taylor Treece\\dev\\nodejs-ecommerce-app\\backend\\routes\\users.js": {"path":"C:\\Users\\Taylor Treece\\dev\\nodejs-ecommerce-app\\backend\\routes\\users.js","statementMap":{"0":{"start":{"line":1,"column":14},"end":{"line":1,"column":32}},"1":{"start":{"line":2,"column":13},"end":{"line":2,"column":29}},"2":{"start":{"line":3,"column":13},"end":{"line":3,"column":53}},"3":{"start":{"line":6,"column":0},"end":{"line":8,"column":3}},"4":{"start":{"line":7,"column":2},"end":{"line":7,"column":47}},"5":{"start":{"line":10,"column":0},"end":{"line":12,"column":2}},"6":{"start":{"line":11,"column":2},"end":{"line":11,"column":39}},"7":{"start":{"line":14,"column":0},"end":{"line":14,"column":24}}},"fnMap":{"0":{"name":"(anonymous_0)","decl":{"start":{"line":6,"column":22},"end":{"line":6,"column":23}},"loc":{"start":{"line":6,"column":53},"end":{"line":8,"column":1}},"line":6},"1":{"name":"(anonymous_1)","decl":{"start":{"line":10,"column":27},"end":{"line":10,"column":28}},"loc":{"start":{"line":10,"column":53},"end":{"line":12,"column":1}},"line":10}},"branchMap":{},"s":{"0":1,"1":1,"2":1,"3":1,"4":0,"5":1,"6":0,"7":1},"f":{"0":0,"1":0},"b":{},"_coverageSchema":"1a1c01bbd47fc00a2c39e90264f33305004495a9","hash":"e6ae6255fd80b9236a74634fd9c1efd1a30e8f6f"}
,"C:\\Users\\Taylor Treece\\dev\\nodejs-ecommerce-app\\backend\\src\\middleware\\verifyToken.js": {"path":"C:\\Users\\Taylor Treece\\dev\\nodejs-ecommerce-app\\backend\\src\\middleware\\verifyToken.js","statementMap":{"0":{"start":{"line":1,"column":12},"end":{"line":1,"column":35}},"1":{"start":{"line":2,"column":15},"end":{"line":2,"column":26}},"2":{"start":{"line":4,"column":20},"end":{"line":19,"column":1}},"3":{"start":{"line":6,"column":6},"end":{"line":6,"column":72}},"4":{"start":{"line":8,"column":6},"end":{"line":10,"column":7}},"5":{"start":{"line":9,"column":10},"end":{"line":9,"column":80}},"6":{"start":{"line":12,"column":6},"end":{"line":17,"column":7}},"7":{"start":{"line":13,"column":26},"end":{"line":13,"column":61}},"8":{"start":{"line":14,"column":10},"end":{"line":14,"column":29}},"9":{"start":{"line":16,"column":10},"end":{"line":16,"column":55}},"10":{"start":{"line":18,"column":4},"end":{"line":18,"column":18}},"11":{"start":{"line":21,"column":0},"end":{"line":21,"column":29}}},"fnMap":{"0":{"name":"(anonymous_0)","decl":{"start":{"line":4,"column":20},"end":{"line":4,"column":21}},"loc":{"start":{"line":4,"column":40},"end":{"line":19,"column":1}},"line":4}},"branchMap":{"0":{"loc":{"start":{"line":6,"column":6},"end":{"line":6,"column":72}},"type":"binary-expr","locations":[{"start":{"line":6,"column":6},"end":{"line":6,"column":20}},{"start":{"line":6,"column":24},"end":{"line":6,"column":39}},{"start":{"line":6,"column":43},"end":{"line":6,"column":72}}],"line":6},"1":{"loc":{"start":{"line":8,"column":6},"end":{"line":10,"column":7}},"type":"if","locations":[{"start":{"line":8,"column":6},"end":{"line":10,"column":7}},{"start":{},"end":{}}],"line":8}},"s":{"0":1,"1":1,"2":1,"3":0,"4":0,"5":0,"6":0,"7":0,"8":0,"9":0,"10":0,"11":1},"f":{"0":0},"b":{"0":[0,0,0],"1":[0,0]},"_coverageSchema":"1a1c01bbd47fc00a2c39e90264f33305004495a9","hash":"fb15c4e14b283eb044747efd485a85b8ce217117"}
}
