{"C:\\Users\\wtita\\dev\\taylortreece\\nodejs-ecommerce-app\\backend\\dist\\app.js": {"path":"C:\\Users\\wtita\\dev\\taylortreece\\nodejs-ecommerce-app\\backend\\dist\\app.js","statementMap":{"0":{"start":{"line":3,"column":0},"end":{"line":3,"column":25}},"1":{"start":{"line":5,"column":12},"end":{"line":5,"column":51}},"2":{"start":{"line":7,"column":13},"end":{"line":7,"column":37}},"3":{"start":{"line":9,"column":18},"end":{"line":9,"column":64}},"4":{"start":{"line":11,"column":15},"end":{"line":11,"column":57}},"5":{"start":{"line":13,"column":12},"end":{"line":13,"column":51}},"6":{"start":{"line":15,"column":20},"end":{"line":15,"column":68}},"7":{"start":{"line":17,"column":14},"end":{"line":17,"column":40}},"8":{"start":{"line":19,"column":13},"end":{"line":19,"column":62}},"9":{"start":{"line":21,"column":13},"end":{"line":21,"column":62}},"10":{"start":{"line":23,"column":12},"end":{"line":23,"column":60}},"11":{"start":{"line":25,"column":16},"end":{"line":25,"column":68}},"12":{"start":{"line":27,"column":14},"end":{"line":27,"column":64}},"13":{"start":{"line":29,"column":13},"end":{"line":29,"column":62}},"14":{"start":{"line":31,"column":12},"end":{"line":31,"column":60}},"15":{"start":{"line":33,"column":39},"end":{"line":33,"column":93}},"16":{"start":{"line":41,"column":12},"end":{"line":41,"column":35}},"17":{"start":{"line":46,"column":0},"end":{"line":48,"column":4}},"18":{"start":{"line":49,"column":0},"end":{"line":51,"column":4}},"19":{"start":{"line":52,"column":0},"end":{"line":52,"column":38}},"20":{"start":{"line":53,"column":0},"end":{"line":53,"column":74}},"21":{"start":{"line":54,"column":0},"end":{"line":54,"column":24}},"22":{"start":{"line":56,"column":0},"end":{"line":56,"column":48}},"23":{"start":{"line":58,"column":0},"end":{"line":58,"column":29}},"24":{"start":{"line":59,"column":0},"end":{"line":59,"column":34}},"25":{"start":{"line":60,"column":0},"end":{"line":60,"column":32}},"26":{"start":{"line":61,"column":0},"end":{"line":61,"column":40}},"27":{"start":{"line":62,"column":0},"end":{"line":62,"column":36}},"28":{"start":{"line":63,"column":0},"end":{"line":63,"column":34}},"29":{"start":{"line":65,"column":0},"end":{"line":67,"column":3}},"30":{"start":{"line":66,"column":2},"end":{"line":66,"column":38}},"31":{"start":{"line":69,"column":0},"end":{"line":79,"column":3}},"32":{"start":{"line":71,"column":2},"end":{"line":71,"column":35}},"33":{"start":{"line":72,"column":2},"end":{"line":72,"column":69}},"34":{"start":{"line":74,"column":2},"end":{"line":78,"column":5}},"35":{"start":{"line":80,"column":0},"end":{"line":80,"column":21}}},"fnMap":{"0":{"name":"_interopRequireDefault","decl":{"start":{"line":33,"column":9},"end":{"line":33,"column":31}},"loc":{"start":{"line":33,"column":37},"end":{"line":33,"column":95}},"line":33},"1":{"name":"(anonymous_1)","decl":{"start":{"line":65,"column":8},"end":{"line":65,"column":9}},"loc":{"start":{"line":65,"column":34},"end":{"line":67,"column":1}},"line":65},"2":{"name":"(anonymous_2)","decl":{"start":{"line":69,"column":8},"end":{"line":69,"column":9}},"loc":{"start":{"line":69,"column":39},"end":{"line":79,"column":1}},"line":69}},"branchMap":{"0":{"loc":{"start":{"line":33,"column":46},"end":{"line":33,"column":92}},"type":"cond-expr","locations":[{"start":{"line":33,"column":70},"end":{"line":33,"column":73}},{"start":{"line":33,"column":76},"end":{"line":33,"column":92}}],"line":33},"1":{"loc":{"start":{"line":33,"column":46},"end":{"line":33,"column":67}},"type":"binary-expr","locations":[{"start":{"line":33,"column":46},"end":{"line":33,"column":49}},{"start":{"line":33,"column":53},"end":{"line":33,"column":67}}],"line":33},"2":{"loc":{"start":{"line":72,"column":21},"end":{"line":72,"column":68}},"type":"cond-expr","locations":[{"start":{"line":72,"column":60},"end":{"line":72,"column":63}},{"start":{"line":72,"column":66},"end":{"line":72,"column":68}}],"line":72},"3":{"loc":{"start":{"line":74,"column":13},"end":{"line":74,"column":30}},"type":"binary-expr","locations":[{"start":{"line":74,"column":13},"end":{"line":74,"column":23}},{"start":{"line":74,"column":27},"end":{"line":74,"column":30}}],"line":74}},"s":{"0":1,"1":1,"2":1,"3":1,"4":1,"5":1,"6":1,"7":1,"8":1,"9":1,"10":1,"11":1,"12":1,"13":1,"14":1,"15":12,"16":1,"17":1,"18":1,"19":1,"20":1,"21":1,"22":1,"23":1,"24":1,"25":1,"26":1,"27":1,"28":1,"29":1,"30":0,"31":1,"32":0,"33":0,"34":0,"35":1},"f":{"0":12,"1":0,"2":0},"b":{"0":[6,6],"1":[12,12],"2":[0,0],"3":[0,0]},"_coverageSchema":"1a1c01bbd47fc00a2c39e90264f33305004495a9","hash":"a24881820e54f3b1dd2ab75226e2fcae814e3b57"}
,"C:\\Users\\wtita\\dev\\taylortreece\\nodejs-ecommerce-app\\backend\\dist\\config\\cors.js": {"path":"C:\\Users\\wtita\\dev\\taylortreece\\nodejs-ecommerce-app\\backend\\dist\\config\\cors.js","statementMap":{"0":{"start":{"line":3,"column":0},"end":{"line":5,"column":3}},"1":{"start":{"line":6,"column":0},"end":{"line":6,"column":29}},"2":{"start":{"line":7,"column":20},"end":{"line":11,"column":1}},"3":{"start":{"line":12,"column":0},"end":{"line":12,"column":34}}},"fnMap":{},"branchMap":{},"s":{"0":1,"1":1,"2":1,"3":1},"f":{},"b":{},"_coverageSchema":"1a1c01bbd47fc00a2c39e90264f33305004495a9","hash":"d8fd6bad0e568af486d44a67b45f98f76c4a84f5"}
,"C:\\Users\\wtita\\dev\\taylortreece\\nodejs-ecommerce-app\\backend\\dist\\config\\morgan.js": {"path":"C:\\Users\\wtita\\dev\\taylortreece\\nodejs-ecommerce-app\\backend\\dist\\config\\morgan.js","statementMap":{"0":{"start":{"line":3,"column":0},"end":{"line":5,"column":3}},"1":{"start":{"line":6,"column":0},"end":{"line":6,"column":24}},"2":{"start":{"line":8,"column":14},"end":{"line":8,"column":55}},"3":{"start":{"line":10,"column":10},"end":{"line":10,"column":47}},"4":{"start":{"line":12,"column":12},"end":{"line":12,"column":51}},"5":{"start":{"line":14,"column":39},"end":{"line":14,"column":93}},"6":{"start":{"line":16,"column":24},"end":{"line":18,"column":2}},"7":{"start":{"line":20,"column":15},"end":{"line":22,"column":2}},"8":{"start":{"line":23,"column":0},"end":{"line":23,"column":24}}},"fnMap":{"0":{"name":"_interopRequireDefault","decl":{"start":{"line":14,"column":9},"end":{"line":14,"column":31}},"loc":{"start":{"line":14,"column":37},"end":{"line":14,"column":95}},"line":14}},"branchMap":{"0":{"loc":{"start":{"line":14,"column":46},"end":{"line":14,"column":92}},"type":"cond-expr","locations":[{"start":{"line":14,"column":70},"end":{"line":14,"column":73}},{"start":{"line":14,"column":76},"end":{"line":14,"column":92}}],"line":14},"1":{"loc":{"start":{"line":14,"column":46},"end":{"line":14,"column":67}},"type":"binary-expr","locations":[{"start":{"line":14,"column":46},"end":{"line":14,"column":49}},{"start":{"line":14,"column":53},"end":{"line":14,"column":67}}],"line":14}},"s":{"0":1,"1":1,"2":1,"3":1,"4":1,"5":3,"6":1,"7":1,"8":1},"f":{"0":3},"b":{"0":[0,3],"1":[3,3]},"_coverageSchema":"1a1c01bbd47fc00a2c39e90264f33305004495a9","hash":"8a1b30fb0a45ddb11e4800ad37ae0a61c0664fdd"}
,"C:\\Users\\wtita\\dev\\taylortreece\\nodejs-ecommerce-app\\backend\\dist\\controllers\\authController.js": {"path":"C:\\Users\\wtita\\dev\\taylortreece\\nodejs-ecommerce-app\\backend\\dist\\controllers\\authController.js","statementMap":{"0":{"start":{"line":3,"column":0},"end":{"line":5,"column":3}},"1":{"start":{"line":6,"column":0},"end":{"line":6,"column":42}},"2":{"start":{"line":8,"column":12},"end":{"line":8,"column":61}},"3":{"start":{"line":10,"column":14},"end":{"line":10,"column":55}},"4":{"start":{"line":12,"column":20},"end":{"line":12,"column":67}},"5":{"start":{"line":14,"column":39},"end":{"line":14,"column":93}},"6":{"start":{"line":17,"column":17},"end":{"line":62,"column":1}},"7":{"start":{"line":18,"column":2},"end":{"line":61,"column":3}},"8":{"start":{"line":24,"column":8},"end":{"line":24,"column":16}},"9":{"start":{"line":26,"column":4},"end":{"line":28,"column":5}},"10":{"start":{"line":27,"column":6},"end":{"line":27,"column":54}},"11":{"start":{"line":32,"column":20},"end":{"line":34,"column":6}},"12":{"start":{"line":36,"column":4},"end":{"line":38,"column":5}},"13":{"start":{"line":37,"column":6},"end":{"line":37,"column":72}},"14":{"start":{"line":41,"column":4},"end":{"line":41,"column":68}},"15":{"start":{"line":42,"column":17},"end":{"line":47,"column":6}},"16":{"start":{"line":49,"column":18},"end":{"line":54,"column":6}},"17":{"start":{"line":56,"column":4},"end":{"line":56,"column":23}},"18":{"start":{"line":57,"column":4},"end":{"line":57,"column":31}},"19":{"start":{"line":60,"column":4},"end":{"line":60,"column":21}},"20":{"start":{"line":65,"column":0},"end":{"line":65,"column":28}},"21":{"start":{"line":67,"column":14},"end":{"line":107,"column":1}},"22":{"start":{"line":68,"column":2},"end":{"line":106,"column":3}},"23":{"start":{"line":73,"column":8},"end":{"line":73,"column":16}},"24":{"start":{"line":74,"column":4},"end":{"line":74,"column":33}},"25":{"start":{"line":76,"column":4},"end":{"line":78,"column":5}},"26":{"start":{"line":77,"column":6},"end":{"line":77,"column":52}},"27":{"start":{"line":81,"column":17},"end":{"line":83,"column":6}},"28":{"start":{"line":84,"column":4},"end":{"line":84,"column":38}},"29":{"start":{"line":86,"column":4},"end":{"line":101,"column":5}},"30":{"start":{"line":88,"column":6},"end":{"line":88,"column":54}},"31":{"start":{"line":90,"column":20},"end":{"line":95,"column":8}},"32":{"start":{"line":97,"column":6},"end":{"line":97,"column":41}},"33":{"start":{"line":99,"column":6},"end":{"line":99,"column":25}},"34":{"start":{"line":100,"column":6},"end":{"line":100,"column":40}},"35":{"start":{"line":103,"column":4},"end":{"line":103,"column":55}},"36":{"start":{"line":105,"column":4},"end":{"line":105,"column":34}},"37":{"start":{"line":109,"column":0},"end":{"line":109,"column":22}}},"fnMap":{"0":{"name":"_interopRequireDefault","decl":{"start":{"line":14,"column":9},"end":{"line":14,"column":31}},"loc":{"start":{"line":14,"column":37},"end":{"line":14,"column":95}},"line":14},"1":{"name":"(anonymous_1)","decl":{"start":{"line":17,"column":17},"end":{"line":17,"column":18}},"loc":{"start":{"line":17,"column":43},"end":{"line":62,"column":1}},"line":17},"2":{"name":"(anonymous_2)","decl":{"start":{"line":67,"column":14},"end":{"line":67,"column":15}},"loc":{"start":{"line":67,"column":40},"end":{"line":107,"column":1}},"line":67}},"branchMap":{"0":{"loc":{"start":{"line":14,"column":46},"end":{"line":14,"column":92}},"type":"cond-expr","locations":[{"start":{"line":14,"column":70},"end":{"line":14,"column":73}},{"start":{"line":14,"column":76},"end":{"line":14,"column":92}}],"line":14},"1":{"loc":{"start":{"line":14,"column":46},"end":{"line":14,"column":67}},"type":"binary-expr","locations":[{"start":{"line":14,"column":46},"end":{"line":14,"column":49}},{"start":{"line":14,"column":53},"end":{"line":14,"column":67}}],"line":14},"2":{"loc":{"start":{"line":26,"column":4},"end":{"line":28,"column":5}},"type":"if","locations":[{"start":{"line":26,"column":4},"end":{"line":28,"column":5}},{"start":{},"end":{}}],"line":26},"3":{"loc":{"start":{"line":26,"column":10},"end":{"line":26,"column":52}},"type":"binary-expr","locations":[{"start":{"line":26,"column":10},"end":{"line":26,"column":15}},{"start":{"line":26,"column":19},"end":{"line":26,"column":27}},{"start":{"line":26,"column":31},"end":{"line":26,"column":40}},{"start":{"line":26,"column":44},"end":{"line":26,"column":52}}],"line":26},"4":{"loc":{"start":{"line":36,"column":4},"end":{"line":38,"column":5}},"type":"if","locations":[{"start":{"line":36,"column":4},"end":{"line":38,"column":5}},{"start":{},"end":{}}],"line":36},"5":{"loc":{"start":{"line":76,"column":4},"end":{"line":78,"column":5}},"type":"if","locations":[{"start":{"line":76,"column":4},"end":{"line":78,"column":5}},{"start":{},"end":{}}],"line":76},"6":{"loc":{"start":{"line":76,"column":10},"end":{"line":76,"column":27}},"type":"binary-expr","locations":[{"start":{"line":76,"column":10},"end":{"line":76,"column":15}},{"start":{"line":76,"column":19},"end":{"line":76,"column":27}}],"line":76},"7":{"loc":{"start":{"line":86,"column":4},"end":{"line":101,"column":5}},"type":"if","locations":[{"start":{"line":86,"column":4},"end":{"line":101,"column":5}},{"start":{},"end":{}}],"line":86},"8":{"loc":{"start":{"line":86,"column":8},"end":{"line":86,"column":72}},"type":"binary-expr","locations":[{"start":{"line":86,"column":8},"end":{"line":86,"column":12}},{"start":{"line":86,"column":17},"end":{"line":86,"column":71}}],"line":86}},"s":{"0":1,"1":1,"2":1,"3":1,"4":1,"5":3,"6":1,"7":0,"8":0,"9":0,"10":0,"11":0,"12":0,"13":0,"14":0,"15":0,"16":0,"17":0,"18":0,"19":0,"20":1,"21":1,"22":1,"23":1,"24":1,"25":1,"26":1,"27":1,"28":0,"29":0,"30":0,"31":0,"32":0,"33":0,"34":0,"35":0,"36":0,"37":1},"f":{"0":3,"1":0,"2":1},"b":{"0":[0,3],"1":[3,3],"2":[0,0],"3":[0,0,0,0],"4":[0,0],"5":[1,0],"6":[1,0],"7":[0,0],"8":[0,0]},"_coverageSchema":"1a1c01bbd47fc00a2c39e90264f33305004495a9","hash":"6bc75f3acebec0eada69dd4f9d9525f8d50cbc32"}
,"C:\\Users\\wtita\\dev\\taylortreece\\nodejs-ecommerce-app\\backend\\dist\\middleware\\verifyToken.js": {"path":"C:\\Users\\wtita\\dev\\taylortreece\\nodejs-ecommerce-app\\backend\\dist\\middleware\\verifyToken.js","statementMap":{"0":{"start":{"line":3,"column":0},"end":{"line":5,"column":3}},"1":{"start":{"line":6,"column":0},"end":{"line":6,"column":29}},"2":{"start":{"line":8,"column":20},"end":{"line":8,"column":67}},"3":{"start":{"line":10,"column":39},"end":{"line":10,"column":93}},"4":{"start":{"line":12,"column":15},"end":{"line":12,"column":26}},"5":{"start":{"line":14,"column":20},"end":{"line":30,"column":1}},"6":{"start":{"line":15,"column":16},"end":{"line":15,"column":82}},"7":{"start":{"line":17,"column":2},"end":{"line":19,"column":3}},"8":{"start":{"line":18,"column":4},"end":{"line":18,"column":74}},"9":{"start":{"line":21,"column":2},"end":{"line":27,"column":3}},"10":{"start":{"line":22,"column":20},"end":{"line":22,"column":73}},"11":{"start":{"line":24,"column":4},"end":{"line":24,"column":23}},"12":{"start":{"line":26,"column":4},"end":{"line":26,"column":49}},"13":{"start":{"line":29,"column":2},"end":{"line":29,"column":16}},"14":{"start":{"line":32,"column":0},"end":{"line":32,"column":34}}},"fnMap":{"0":{"name":"_interopRequireDefault","decl":{"start":{"line":10,"column":9},"end":{"line":10,"column":31}},"loc":{"start":{"line":10,"column":37},"end":{"line":10,"column":95}},"line":10},"1":{"name":"(anonymous_1)","decl":{"start":{"line":14,"column":20},"end":{"line":14,"column":21}},"loc":{"start":{"line":14,"column":40},"end":{"line":30,"column":1}},"line":14}},"branchMap":{"0":{"loc":{"start":{"line":10,"column":46},"end":{"line":10,"column":92}},"type":"cond-expr","locations":[{"start":{"line":10,"column":70},"end":{"line":10,"column":73}},{"start":{"line":10,"column":76},"end":{"line":10,"column":92}}],"line":10},"1":{"loc":{"start":{"line":10,"column":46},"end":{"line":10,"column":67}},"type":"binary-expr","locations":[{"start":{"line":10,"column":46},"end":{"line":10,"column":49}},{"start":{"line":10,"column":53},"end":{"line":10,"column":67}}],"line":10},"2":{"loc":{"start":{"line":15,"column":16},"end":{"line":15,"column":82}},"type":"binary-expr","locations":[{"start":{"line":15,"column":16},"end":{"line":15,"column":30}},{"start":{"line":15,"column":34},"end":{"line":15,"column":49}},{"start":{"line":15,"column":53},"end":{"line":15,"column":82}}],"line":15},"3":{"loc":{"start":{"line":17,"column":2},"end":{"line":19,"column":3}},"type":"if","locations":[{"start":{"line":17,"column":2},"end":{"line":19,"column":3}},{"start":{},"end":{}}],"line":17}},"s":{"0":1,"1":1,"2":1,"3":1,"4":1,"5":1,"6":0,"7":0,"8":0,"9":0,"10":0,"11":0,"12":0,"13":0,"14":1},"f":{"0":1,"1":0},"b":{"0":[0,1],"1":[1,1],"2":[0,0,0],"3":[0,0]},"_coverageSchema":"1a1c01bbd47fc00a2c39e90264f33305004495a9","hash":"0af3209151cf52459f2fbf82cd18444a1d235e0e"}
,"C:\\Users\\wtita\\dev\\taylortreece\\nodejs-ecommerce-app\\backend\\dist\\models\\user.js": {"path":"C:\\Users\\wtita\\dev\\taylortreece\\nodejs-ecommerce-app\\backend\\dist\\models\\user.js","statementMap":{"0":{"start":{"line":3,"column":17},"end":{"line":3,"column":36}},"1":{"start":{"line":5,"column":19},"end":{"line":28,"column":2}},"2":{"start":{"line":29,"column":0},"end":{"line":29,"column":52}}},"fnMap":{},"branchMap":{},"s":{"0":1,"1":1,"2":1},"f":{},"b":{},"_coverageSchema":"1a1c01bbd47fc00a2c39e90264f33305004495a9","hash":"faf321bf91e9da223bafa64935d7f944d857a25e"}
,"C:\\Users\\wtita\\dev\\taylortreece\\nodejs-ecommerce-app\\backend\\dist\\routes\\auth.js": {"path":"C:\\Users\\wtita\\dev\\taylortreece\\nodejs-ecommerce-app\\backend\\dist\\routes\\auth.js","statementMap":{"0":{"start":{"line":3,"column":0},"end":{"line":5,"column":3}},"1":{"start":{"line":6,"column":0},"end":{"line":6,"column":25}},"2":{"start":{"line":8,"column":15},"end":{"line":8,"column":57}},"3":{"start":{"line":10,"column":22},"end":{"line":10,"column":62}},"4":{"start":{"line":12,"column":39},"end":{"line":12,"column":93}},"5":{"start":{"line":14,"column":15},"end":{"line":14,"column":40}},"6":{"start":{"line":17,"column":0},"end":{"line":19,"column":3}},"7":{"start":{"line":18,"column":2},"end":{"line":18,"column":48}},"8":{"start":{"line":21,"column":0},"end":{"line":23,"column":3}},"9":{"start":{"line":22,"column":2},"end":{"line":22,"column":45}},"10":{"start":{"line":24,"column":15},"end":{"line":24,"column":21}},"11":{"start":{"line":25,"column":0},"end":{"line":25,"column":27}}},"fnMap":{"0":{"name":"_interopRequireDefault","decl":{"start":{"line":12,"column":9},"end":{"line":12,"column":31}},"loc":{"start":{"line":12,"column":37},"end":{"line":12,"column":95}},"line":12},"1":{"name":"(anonymous_1)","decl":{"start":{"line":17,"column":25},"end":{"line":17,"column":26}},"loc":{"start":{"line":17,"column":45},"end":{"line":19,"column":1}},"line":17},"2":{"name":"(anonymous_2)","decl":{"start":{"line":21,"column":22},"end":{"line":21,"column":23}},"loc":{"start":{"line":21,"column":42},"end":{"line":23,"column":1}},"line":21}},"branchMap":{"0":{"loc":{"start":{"line":12,"column":46},"end":{"line":12,"column":92}},"type":"cond-expr","locations":[{"start":{"line":12,"column":70},"end":{"line":12,"column":73}},{"start":{"line":12,"column":76},"end":{"line":12,"column":92}}],"line":12},"1":{"loc":{"start":{"line":12,"column":46},"end":{"line":12,"column":67}},"type":"binary-expr","locations":[{"start":{"line":12,"column":46},"end":{"line":12,"column":49}},{"start":{"line":12,"column":53},"end":{"line":12,"column":67}}],"line":12}},"s":{"0":1,"1":1,"2":1,"3":1,"4":1,"5":1,"6":1,"7":0,"8":1,"9":1,"10":1,"11":1},"f":{"0":1,"1":0,"2":1},"b":{"0":[0,1],"1":[1,1]},"_coverageSchema":"1a1c01bbd47fc00a2c39e90264f33305004495a9","hash":"f74b22ed1ebcea542410c1e3c0c28f894f5e5aef"}
,"C:\\Users\\wtita\\dev\\taylortreece\\nodejs-ecommerce-app\\backend\\dist\\routes\\carts.js": {"path":"C:\\Users\\wtita\\dev\\taylortreece\\nodejs-ecommerce-app\\backend\\dist\\routes\\carts.js","statementMap":{"0":{"start":{"line":3,"column":0},"end":{"line":5,"column":3}},"1":{"start":{"line":6,"column":0},"end":{"line":6,"column":25}},"2":{"start":{"line":8,"column":15},"end":{"line":8,"column":57}},"3":{"start":{"line":10,"column":19},"end":{"line":10,"column":55}},"4":{"start":{"line":12,"column":39},"end":{"line":12,"column":93}},"5":{"start":{"line":14,"column":15},"end":{"line":14,"column":40}},"6":{"start":{"line":16,"column":0},"end":{"line":18,"column":3}},"7":{"start":{"line":17,"column":2},"end":{"line":17,"column":43}},"8":{"start":{"line":19,"column":15},"end":{"line":19,"column":21}},"9":{"start":{"line":20,"column":0},"end":{"line":20,"column":27}}},"fnMap":{"0":{"name":"_interopRequireDefault","decl":{"start":{"line":12,"column":9},"end":{"line":12,"column":31}},"loc":{"start":{"line":12,"column":37},"end":{"line":12,"column":95}},"line":12},"1":{"name":"(anonymous_1)","decl":{"start":{"line":16,"column":42},"end":{"line":16,"column":43}},"loc":{"start":{"line":16,"column":68},"end":{"line":18,"column":1}},"line":16}},"branchMap":{"0":{"loc":{"start":{"line":12,"column":46},"end":{"line":12,"column":92}},"type":"cond-expr","locations":[{"start":{"line":12,"column":70},"end":{"line":12,"column":73}},{"start":{"line":12,"column":76},"end":{"line":12,"column":92}}],"line":12},"1":{"loc":{"start":{"line":12,"column":46},"end":{"line":12,"column":67}},"type":"binary-expr","locations":[{"start":{"line":12,"column":46},"end":{"line":12,"column":49}},{"start":{"line":12,"column":53},"end":{"line":12,"column":67}}],"line":12}},"s":{"0":1,"1":1,"2":1,"3":1,"4":1,"5":1,"6":1,"7":0,"8":1,"9":1},"f":{"0":1,"1":0},"b":{"0":[0,1],"1":[1,1]},"_coverageSchema":"1a1c01bbd47fc00a2c39e90264f33305004495a9","hash":"19065d18509637ff51b68fe46ea8c594a17c46b5"}
,"C:\\Users\\wtita\\dev\\taylortreece\\nodejs-ecommerce-app\\backend\\dist\\routes\\index.js": {"path":"C:\\Users\\wtita\\dev\\taylortreece\\nodejs-ecommerce-app\\backend\\dist\\routes\\index.js","statementMap":{"0":{"start":{"line":3,"column":0},"end":{"line":5,"column":3}},"1":{"start":{"line":6,"column":0},"end":{"line":6,"column":25}},"2":{"start":{"line":8,"column":15},"end":{"line":8,"column":57}},"3":{"start":{"line":10,"column":39},"end":{"line":10,"column":93}},"4":{"start":{"line":12,"column":15},"end":{"line":12,"column":40}},"5":{"start":{"line":17,"column":0},"end":{"line":19,"column":3}},"6":{"start":{"line":18,"column":2},"end":{"line":18,"column":52}},"7":{"start":{"line":20,"column":15},"end":{"line":20,"column":21}},"8":{"start":{"line":21,"column":0},"end":{"line":21,"column":27}}},"fnMap":{"0":{"name":"_interopRequireDefault","decl":{"start":{"line":10,"column":9},"end":{"line":10,"column":31}},"loc":{"start":{"line":10,"column":37},"end":{"line":10,"column":95}},"line":10},"1":{"name":"(anonymous_1)","decl":{"start":{"line":17,"column":16},"end":{"line":17,"column":17}},"loc":{"start":{"line":17,"column":42},"end":{"line":19,"column":1}},"line":17}},"branchMap":{"0":{"loc":{"start":{"line":10,"column":46},"end":{"line":10,"column":92}},"type":"cond-expr","locations":[{"start":{"line":10,"column":70},"end":{"line":10,"column":73}},{"start":{"line":10,"column":76},"end":{"line":10,"column":92}}],"line":10},"1":{"loc":{"start":{"line":10,"column":46},"end":{"line":10,"column":67}},"type":"binary-expr","locations":[{"start":{"line":10,"column":46},"end":{"line":10,"column":49}},{"start":{"line":10,"column":53},"end":{"line":10,"column":67}}],"line":10}},"s":{"0":1,"1":1,"2":1,"3":1,"4":1,"5":1,"6":1,"7":1,"8":1},"f":{"0":1,"1":1},"b":{"0":[0,1],"1":[1,1]},"_coverageSchema":"1a1c01bbd47fc00a2c39e90264f33305004495a9","hash":"d8e1efa85ad1c38b9926ccf1b1fdd828211e5f51"}
,"C:\\Users\\wtita\\dev\\taylortreece\\nodejs-ecommerce-app\\backend\\dist\\routes\\orders.js": {"path":"C:\\Users\\wtita\\dev\\taylortreece\\nodejs-ecommerce-app\\backend\\dist\\routes\\orders.js","statementMap":{"0":{"start":{"line":3,"column":0},"end":{"line":5,"column":3}},"1":{"start":{"line":6,"column":0},"end":{"line":6,"column":25}},"2":{"start":{"line":8,"column":15},"end":{"line":8,"column":57}},"3":{"start":{"line":10,"column":19},"end":{"line":10,"column":55}},"4":{"start":{"line":12,"column":39},"end":{"line":12,"column":93}},"5":{"start":{"line":15,"column":15},"end":{"line":15,"column":40}},"6":{"start":{"line":17,"column":0},"end":{"line":19,"column":3}},"7":{"start":{"line":18,"column":2},"end":{"line":18,"column":44}},"8":{"start":{"line":20,"column":15},"end":{"line":20,"column":21}},"9":{"start":{"line":21,"column":0},"end":{"line":21,"column":27}}},"fnMap":{"0":{"name":"_interopRequireDefault","decl":{"start":{"line":12,"column":9},"end":{"line":12,"column":31}},"loc":{"start":{"line":12,"column":37},"end":{"line":12,"column":95}},"line":12},"1":{"name":"(anonymous_1)","decl":{"start":{"line":17,"column":42},"end":{"line":17,"column":43}},"loc":{"start":{"line":17,"column":68},"end":{"line":19,"column":1}},"line":17}},"branchMap":{"0":{"loc":{"start":{"line":12,"column":46},"end":{"line":12,"column":92}},"type":"cond-expr","locations":[{"start":{"line":12,"column":70},"end":{"line":12,"column":73}},{"start":{"line":12,"column":76},"end":{"line":12,"column":92}}],"line":12},"1":{"loc":{"start":{"line":12,"column":46},"end":{"line":12,"column":67}},"type":"binary-expr","locations":[{"start":{"line":12,"column":46},"end":{"line":12,"column":49}},{"start":{"line":12,"column":53},"end":{"line":12,"column":67}}],"line":12}},"s":{"0":1,"1":1,"2":1,"3":1,"4":1,"5":1,"6":1,"7":0,"8":1,"9":1},"f":{"0":1,"1":0},"b":{"0":[0,1],"1":[1,1]},"_coverageSchema":"1a1c01bbd47fc00a2c39e90264f33305004495a9","hash":"228e22af949c09392678b11c58399355de645a02"}
,"C:\\Users\\wtita\\dev\\taylortreece\\nodejs-ecommerce-app\\backend\\dist\\routes\\products.js": {"path":"C:\\Users\\wtita\\dev\\taylortreece\\nodejs-ecommerce-app\\backend\\dist\\routes\\products.js","statementMap":{"0":{"start":{"line":3,"column":0},"end":{"line":5,"column":3}},"1":{"start":{"line":6,"column":0},"end":{"line":6,"column":25}},"2":{"start":{"line":8,"column":15},"end":{"line":8,"column":57}},"3":{"start":{"line":10,"column":39},"end":{"line":10,"column":93}},"4":{"start":{"line":12,"column":15},"end":{"line":12,"column":40}},"5":{"start":{"line":14,"column":0},"end":{"line":16,"column":3}},"6":{"start":{"line":15,"column":2},"end":{"line":15,"column":46}},"7":{"start":{"line":17,"column":15},"end":{"line":17,"column":21}},"8":{"start":{"line":18,"column":0},"end":{"line":18,"column":27}}},"fnMap":{"0":{"name":"_interopRequireDefault","decl":{"start":{"line":10,"column":9},"end":{"line":10,"column":31}},"loc":{"start":{"line":10,"column":37},"end":{"line":10,"column":95}},"line":10},"1":{"name":"(anonymous_1)","decl":{"start":{"line":14,"column":16},"end":{"line":14,"column":17}},"loc":{"start":{"line":14,"column":42},"end":{"line":16,"column":1}},"line":14}},"branchMap":{"0":{"loc":{"start":{"line":10,"column":46},"end":{"line":10,"column":92}},"type":"cond-expr","locations":[{"start":{"line":10,"column":70},"end":{"line":10,"column":73}},{"start":{"line":10,"column":76},"end":{"line":10,"column":92}}],"line":10},"1":{"loc":{"start":{"line":10,"column":46},"end":{"line":10,"column":67}},"type":"binary-expr","locations":[{"start":{"line":10,"column":46},"end":{"line":10,"column":49}},{"start":{"line":10,"column":53},"end":{"line":10,"column":67}}],"line":10}},"s":{"0":1,"1":1,"2":1,"3":1,"4":1,"5":1,"6":1,"7":1,"8":1},"f":{"0":1,"1":1},"b":{"0":[0,1],"1":[1,1]},"_coverageSchema":"1a1c01bbd47fc00a2c39e90264f33305004495a9","hash":"dcea9317fa0af21a9c9c5d9714c227f1dea44952"}
,"C:\\Users\\wtita\\dev\\taylortreece\\nodejs-ecommerce-app\\backend\\dist\\routes\\users.js": {"path":"C:\\Users\\wtita\\dev\\taylortreece\\nodejs-ecommerce-app\\backend\\dist\\routes\\users.js","statementMap":{"0":{"start":{"line":3,"column":0},"end":{"line":5,"column":3}},"1":{"start":{"line":6,"column":0},"end":{"line":6,"column":25}},"2":{"start":{"line":8,"column":15},"end":{"line":8,"column":57}},"3":{"start":{"line":10,"column":19},"end":{"line":10,"column":55}},"4":{"start":{"line":12,"column":39},"end":{"line":12,"column":93}},"5":{"start":{"line":14,"column":15},"end":{"line":14,"column":40}},"6":{"start":{"line":18,"column":0},"end":{"line":20,"column":3}},"7":{"start":{"line":19,"column":2},"end":{"line":19,"column":47}},"8":{"start":{"line":21,"column":0},"end":{"line":23,"column":3}},"9":{"start":{"line":22,"column":2},"end":{"line":22,"column":40}},"10":{"start":{"line":24,"column":15},"end":{"line":24,"column":21}},"11":{"start":{"line":25,"column":0},"end":{"line":25,"column":27}}},"fnMap":{"0":{"name":"_interopRequireDefault","decl":{"start":{"line":12,"column":9},"end":{"line":12,"column":31}},"loc":{"start":{"line":12,"column":37},"end":{"line":12,"column":95}},"line":12},"1":{"name":"(anonymous_1)","decl":{"start":{"line":18,"column":42},"end":{"line":18,"column":43}},"loc":{"start":{"line":18,"column":74},"end":{"line":20,"column":1}},"line":18},"2":{"name":"(anonymous_2)","decl":{"start":{"line":21,"column":47},"end":{"line":21,"column":48}},"loc":{"start":{"line":21,"column":73},"end":{"line":23,"column":1}},"line":21}},"branchMap":{"0":{"loc":{"start":{"line":12,"column":46},"end":{"line":12,"column":92}},"type":"cond-expr","locations":[{"start":{"line":12,"column":70},"end":{"line":12,"column":73}},{"start":{"line":12,"column":76},"end":{"line":12,"column":92}}],"line":12},"1":{"loc":{"start":{"line":12,"column":46},"end":{"line":12,"column":67}},"type":"binary-expr","locations":[{"start":{"line":12,"column":46},"end":{"line":12,"column":49}},{"start":{"line":12,"column":53},"end":{"line":12,"column":67}}],"line":12}},"s":{"0":1,"1":1,"2":1,"3":1,"4":1,"5":1,"6":1,"7":0,"8":1,"9":0,"10":1,"11":1},"f":{"0":1,"1":0,"2":0},"b":{"0":[0,1],"1":[1,1]},"_coverageSchema":"1a1c01bbd47fc00a2c39e90264f33305004495a9","hash":"ae1a68976a80156cd2d2a90aa21b4c49a0948290"}
,"C:\\Users\\wtita\\dev\\taylortreece\\nodejs-ecommerce-app\\backend\\src\\app.js": {"path":"C:\\Users\\wtita\\dev\\taylortreece\\nodejs-ecommerce-app\\backend\\src\\app.js","statementMap":{"0":{"start":{"line":26,"column":12},"end":{"line":26,"column":21}},"1":{"start":{"line":33,"column":0},"end":{"line":33,"column":41}},"2":{"start":{"line":34,"column":0},"end":{"line":34,"column":49}},"3":{"start":{"line":35,"column":0},"end":{"line":35,"column":24}},"4":{"start":{"line":36,"column":0},"end":{"line":36,"column":56}},"5":{"start":{"line":38,"column":0},"end":{"line":38,"column":16}},"6":{"start":{"line":39,"column":0},"end":{"line":39,"column":27}},"7":{"start":{"line":42,"column":0},"end":{"line":42,"column":26}},"8":{"start":{"line":43,"column":0},"end":{"line":43,"column":31}},"9":{"start":{"line":44,"column":0},"end":{"line":44,"column":29}},"10":{"start":{"line":45,"column":0},"end":{"line":45,"column":37}},"11":{"start":{"line":46,"column":0},"end":{"line":46,"column":33}},"12":{"start":{"line":47,"column":0},"end":{"line":47,"column":31}},"13":{"start":{"line":50,"column":0},"end":{"line":52,"column":3}},"14":{"start":{"line":51,"column":3},"end":{"line":51,"column":26}},"15":{"start":{"line":55,"column":0},"end":{"line":66,"column":3}},"16":{"start":{"line":57,"column":3},"end":{"line":57,"column":36}},"17":{"start":{"line":58,"column":3},"end":{"line":58,"column":70}},"18":{"start":{"line":61,"column":3},"end":{"line":65,"column":6}},"19":{"start":{"line":68,"column":0},"end":{"line":68,"column":21}}},"fnMap":{"0":{"name":"(anonymous_0)","decl":{"start":{"line":50,"column":8},"end":{"line":50,"column":9}},"loc":{"start":{"line":50,"column":34},"end":{"line":52,"column":1}},"line":50},"1":{"name":"(anonymous_1)","decl":{"start":{"line":55,"column":8},"end":{"line":55,"column":9}},"loc":{"start":{"line":55,"column":39},"end":{"line":66,"column":1}},"line":55}},"branchMap":{"0":{"loc":{"start":{"line":58,"column":22},"end":{"line":58,"column":69}},"type":"cond-expr","locations":[{"start":{"line":58,"column":61},"end":{"line":58,"column":64}},{"start":{"line":58,"column":67},"end":{"line":58,"column":69}}],"line":58},"1":{"loc":{"start":{"line":61,"column":14},"end":{"line":61,"column":31}},"type":"binary-expr","locations":[{"start":{"line":61,"column":14},"end":{"line":61,"column":24}},{"start":{"line":61,"column":28},"end":{"line":61,"column":31}}],"line":61}},"s":{"0":1,"1":1,"2":1,"3":1,"4":1,"5":1,"6":1,"7":1,"8":1,"9":1,"10":1,"11":1,"12":1,"13":1,"14":0,"15":1,"16":0,"17":0,"18":0,"19":1},"f":{"0":0,"1":0},"b":{"0":[0,0],"1":[0,0]},"_coverageSchema":"1a1c01bbd47fc00a2c39e90264f33305004495a9","hash":"321141a213ca6d9c5f8a9c3cbff85cfef04b5e6d"}
,"C:\\Users\\wtita\\dev\\taylortreece\\nodejs-ecommerce-app\\backend\\src\\config\\cors.js": {"path":"C:\\Users\\wtita\\dev\\taylortreece\\nodejs-ecommerce-app\\backend\\src\\config\\cors.js","statementMap":{"0":{"start":{"line":1,"column":27},"end":{"line":4,"column":1}}},"fnMap":{},"branchMap":{},"s":{"0":1},"f":{},"b":{},"_coverageSchema":"1a1c01bbd47fc00a2c39e90264f33305004495a9","hash":"78336f3e29d305368abc662771371fd00887b734"}
,"C:\\Users\\wtita\\dev\\taylortreece\\nodejs-ecommerce-app\\backend\\src\\config\\morgan.js": {"path":"C:\\Users\\wtita\\dev\\taylortreece\\nodejs-ecommerce-app\\backend\\src\\config\\morgan.js","statementMap":{"0":{"start":{"line":5,"column":24},"end":{"line":8,"column":1}},"1":{"start":{"line":10,"column":22},"end":{"line":12,"column":2}}},"fnMap":{},"branchMap":{},"s":{"0":1,"1":1},"f":{},"b":{},"_coverageSchema":"1a1c01bbd47fc00a2c39e90264f33305004495a9","hash":"cd88724213a03700e574fd836fc8d7d894593026"}
,"C:\\Users\\wtita\\dev\\taylortreece\\nodejs-ecommerce-app\\backend\\src\\controllers\\authController.js": {"path":"C:\\Users\\wtita\\dev\\taylortreece\\nodejs-ecommerce-app\\backend\\src\\controllers\\authController.js","statementMap":{"0":{"start":{"line":6,"column":24},"end":{"line":46,"column":1}},"1":{"start":{"line":7,"column":3},"end":{"line":45,"column":4}},"2":{"start":{"line":8,"column":55},"end":{"line":8,"column":63}},"3":{"start":{"line":10,"column":6},"end":{"line":12,"column":7}},"4":{"start":{"line":11,"column":9},"end":{"line":11,"column":56}},"5":{"start":{"line":16,"column":22},"end":{"line":16,"column":51}},"6":{"start":{"line":18,"column":6},"end":{"line":20,"column":7}},"7":{"start":{"line":19,"column":9},"end":{"line":19,"column":74}},"8":{"start":{"line":23,"column":6},"end":{"line":23,"column":60}},"9":{"start":{"line":25,"column":19},"end":{"line":30,"column":8}},"10":{"start":{"line":33,"column":20},"end":{"line":37,"column":7}},"11":{"start":{"line":39,"column":6},"end":{"line":39,"column":24}},"12":{"start":{"line":41,"column":6},"end":{"line":41,"column":32}},"13":{"start":{"line":44,"column":6},"end":{"line":44,"column":22}},"14":{"start":{"line":49,"column":21},"end":{"line":83,"column":1}},"15":{"start":{"line":50,"column":3},"end":{"line":82,"column":4}},"16":{"start":{"line":52,"column":34},"end":{"line":52,"column":42}},"17":{"start":{"line":53,"column":6},"end":{"line":53,"column":34}},"18":{"start":{"line":55,"column":6},"end":{"line":57,"column":7}},"19":{"start":{"line":56,"column":9},"end":{"line":56,"column":54}},"20":{"start":{"line":60,"column":19},"end":{"line":60,"column":48}},"21":{"start":{"line":61,"column":6},"end":{"line":61,"column":39}},"22":{"start":{"line":62,"column":6},"end":{"line":77,"column":7}},"23":{"start":{"line":64,"column":9},"end":{"line":64,"column":56}},"24":{"start":{"line":65,"column":23},"end":{"line":71,"column":10}},"25":{"start":{"line":72,"column":9},"end":{"line":72,"column":43}},"26":{"start":{"line":74,"column":9},"end":{"line":74,"column":27}},"27":{"start":{"line":76,"column":9},"end":{"line":76,"column":42}},"28":{"start":{"line":79,"column":6},"end":{"line":79,"column":56}},"29":{"start":{"line":81,"column":6},"end":{"line":81,"column":35}}},"fnMap":{"0":{"name":"(anonymous_0)","decl":{"start":{"line":6,"column":24},"end":{"line":6,"column":25}},"loc":{"start":{"line":6,"column":50},"end":{"line":46,"column":1}},"line":6},"1":{"name":"(anonymous_1)","decl":{"start":{"line":49,"column":21},"end":{"line":49,"column":22}},"loc":{"start":{"line":49,"column":47},"end":{"line":83,"column":1}},"line":49}},"branchMap":{"0":{"loc":{"start":{"line":10,"column":6},"end":{"line":12,"column":7}},"type":"if","locations":[{"start":{"line":10,"column":6},"end":{"line":12,"column":7}},{"start":{},"end":{}}],"line":10},"1":{"loc":{"start":{"line":10,"column":12},"end":{"line":10,"column":54}},"type":"binary-expr","locations":[{"start":{"line":10,"column":12},"end":{"line":10,"column":17}},{"start":{"line":10,"column":21},"end":{"line":10,"column":29}},{"start":{"line":10,"column":33},"end":{"line":10,"column":42}},{"start":{"line":10,"column":46},"end":{"line":10,"column":54}}],"line":10},"2":{"loc":{"start":{"line":18,"column":6},"end":{"line":20,"column":7}},"type":"if","locations":[{"start":{"line":18,"column":6},"end":{"line":20,"column":7}},{"start":{},"end":{}}],"line":18},"3":{"loc":{"start":{"line":55,"column":6},"end":{"line":57,"column":7}},"type":"if","locations":[{"start":{"line":55,"column":6},"end":{"line":57,"column":7}},{"start":{},"end":{}}],"line":55},"4":{"loc":{"start":{"line":55,"column":12},"end":{"line":55,"column":29}},"type":"binary-expr","locations":[{"start":{"line":55,"column":12},"end":{"line":55,"column":17}},{"start":{"line":55,"column":21},"end":{"line":55,"column":29}}],"line":55},"5":{"loc":{"start":{"line":62,"column":6},"end":{"line":77,"column":7}},"type":"if","locations":[{"start":{"line":62,"column":6},"end":{"line":77,"column":7}},{"start":{},"end":{}}],"line":62},"6":{"loc":{"start":{"line":62,"column":10},"end":{"line":62,"column":65}},"type":"binary-expr","locations":[{"start":{"line":62,"column":10},"end":{"line":62,"column":14}},{"start":{"line":62,"column":19},"end":{"line":62,"column":64}}],"line":62}},"s":{"0":1,"1":0,"2":0,"3":0,"4":0,"5":0,"6":0,"7":0,"8":0,"9":0,"10":0,"11":0,"12":0,"13":0,"14":1,"15":1,"16":1,"17":1,"18":1,"19":1,"20":1,"21":0,"22":0,"23":0,"24":0,"25":0,"26":0,"27":0,"28":0,"29":0},"f":{"0":0,"1":1},"b":{"0":[0,0],"1":[0,0,0,0],"2":[0,0],"3":[1,0],"4":[1,0],"5":[0,0],"6":[0,0]},"_coverageSchema":"1a1c01bbd47fc00a2c39e90264f33305004495a9","hash":"f1cf0e0eef83e6d443be2affabe9a23ee5862acb"}
,"C:\\Users\\wtita\\dev\\taylortreece\\nodejs-ecommerce-app\\backend\\src\\middleware\\verifyToken.js": {"path":"C:\\Users\\wtita\\dev\\taylortreece\\nodejs-ecommerce-app\\backend\\src\\middleware\\verifyToken.js","statementMap":{"0":{"start":{"line":2,"column":15},"end":{"line":2,"column":26}},"1":{"start":{"line":4,"column":27},"end":{"line":19,"column":1}},"2":{"start":{"line":6,"column":4},"end":{"line":6,"column":70}},"3":{"start":{"line":8,"column":2},"end":{"line":10,"column":3}},"4":{"start":{"line":9,"column":4},"end":{"line":9,"column":74}},"5":{"start":{"line":12,"column":2},"end":{"line":17,"column":3}},"6":{"start":{"line":13,"column":20},"end":{"line":13,"column":55}},"7":{"start":{"line":14,"column":4},"end":{"line":14,"column":23}},"8":{"start":{"line":16,"column":4},"end":{"line":16,"column":49}},"9":{"start":{"line":18,"column":2},"end":{"line":18,"column":16}}},"fnMap":{"0":{"name":"(anonymous_0)","decl":{"start":{"line":4,"column":27},"end":{"line":4,"column":28}},"loc":{"start":{"line":4,"column":47},"end":{"line":19,"column":1}},"line":4}},"branchMap":{"0":{"loc":{"start":{"line":6,"column":4},"end":{"line":6,"column":70}},"type":"binary-expr","locations":[{"start":{"line":6,"column":4},"end":{"line":6,"column":18}},{"start":{"line":6,"column":22},"end":{"line":6,"column":37}},{"start":{"line":6,"column":41},"end":{"line":6,"column":70}}],"line":6},"1":{"loc":{"start":{"line":8,"column":2},"end":{"line":10,"column":3}},"type":"if","locations":[{"start":{"line":8,"column":2},"end":{"line":10,"column":3}},{"start":{},"end":{}}],"line":8}},"s":{"0":1,"1":1,"2":0,"3":0,"4":0,"5":0,"6":0,"7":0,"8":0,"9":0},"f":{"0":0},"b":{"0":[0,0,0],"1":[0,0]},"_coverageSchema":"1a1c01bbd47fc00a2c39e90264f33305004495a9","hash":"91d557612ad1a261dd7547b050b9b3e876040eed"}
,"C:\\Users\\wtita\\dev\\taylortreece\\nodejs-ecommerce-app\\backend\\src\\models\\user.js": {"path":"C:\\Users\\wtita\\dev\\taylortreece\\nodejs-ecommerce-app\\backend\\src\\models\\user.js","statementMap":{"0":{"start":{"line":1,"column":17},"end":{"line":1,"column":36}},"1":{"start":{"line":3,"column":19},"end":{"line":10,"column":2}},"2":{"start":{"line":12,"column":0},"end":{"line":12,"column":51}}},"fnMap":{},"branchMap":{},"s":{"0":1,"1":1,"2":1},"f":{},"b":{},"_coverageSchema":"1a1c01bbd47fc00a2c39e90264f33305004495a9","hash":"8517ddc32811539057526bd30ffad625172e138a"}
,"C:\\Users\\wtita\\dev\\taylortreece\\nodejs-ecommerce-app\\backend\\src\\routes\\auth.js": {"path":"C:\\Users\\wtita\\dev\\taylortreece\\nodejs-ecommerce-app\\backend\\src\\routes\\auth.js","statementMap":{"0":{"start":{"line":3,"column":15},"end":{"line":3,"column":31}},"1":{"start":{"line":6,"column":0},"end":{"line":8,"column":3}},"2":{"start":{"line":7,"column":2},"end":{"line":7,"column":27}},"3":{"start":{"line":11,"column":0},"end":{"line":13,"column":3}},"4":{"start":{"line":12,"column":2},"end":{"line":12,"column":24}}},"fnMap":{"0":{"name":"(anonymous_0)","decl":{"start":{"line":6,"column":25},"end":{"line":6,"column":26}},"loc":{"start":{"line":6,"column":45},"end":{"line":8,"column":1}},"line":6},"1":{"name":"(anonymous_1)","decl":{"start":{"line":11,"column":22},"end":{"line":11,"column":23}},"loc":{"start":{"line":11,"column":42},"end":{"line":13,"column":1}},"line":11}},"branchMap":{},"s":{"0":1,"1":1,"2":0,"3":1,"4":1},"f":{"0":0,"1":1},"b":{},"_coverageSchema":"1a1c01bbd47fc00a2c39e90264f33305004495a9","hash":"fc9a8196d2f5116b5813aa69c7b1ad20f55931b1"}
,"C:\\Users\\wtita\\dev\\taylortreece\\nodejs-ecommerce-app\\backend\\src\\routes\\carts.js": {"path":"C:\\Users\\wtita\\dev\\taylortreece\\nodejs-ecommerce-app\\backend\\src\\routes\\carts.js","statementMap":{"0":{"start":{"line":3,"column":15},"end":{"line":3,"column":31}},"1":{"start":{"line":5,"column":0},"end":{"line":7,"column":3}},"2":{"start":{"line":6,"column":2},"end":{"line":6,"column":43}}},"fnMap":{"0":{"name":"(anonymous_0)","decl":{"start":{"line":5,"column":22},"end":{"line":5,"column":23}},"loc":{"start":{"line":5,"column":48},"end":{"line":7,"column":1}},"line":5}},"branchMap":{},"s":{"0":1,"1":1,"2":0},"f":{"0":0},"b":{},"_coverageSchema":"1a1c01bbd47fc00a2c39e90264f33305004495a9","hash":"14dd869851db4e5ddbe5c2cfed746612f2dead34"}
,"C:\\Users\\wtita\\dev\\taylortreece\\nodejs-ecommerce-app\\backend\\src\\routes\\index.js": {"path":"C:\\Users\\wtita\\dev\\taylortreece\\nodejs-ecommerce-app\\backend\\src\\routes\\index.js","statementMap":{"0":{"start":{"line":2,"column":15},"end":{"line":2,"column":31}},"1":{"start":{"line":6,"column":0},"end":{"line":8,"column":3}},"2":{"start":{"line":7,"column":2},"end":{"line":7,"column":52}}},"fnMap":{"0":{"name":"(anonymous_0)","decl":{"start":{"line":6,"column":16},"end":{"line":6,"column":17}},"loc":{"start":{"line":6,"column":42},"end":{"line":8,"column":1}},"line":6}},"branchMap":{},"s":{"0":1,"1":1,"2":1},"f":{"0":1},"b":{},"_coverageSchema":"1a1c01bbd47fc00a2c39e90264f33305004495a9","hash":"ed7deb424ebd1c8a50c4a7ce5cde104b60e33915"}
,"C:\\Users\\wtita\\dev\\taylortreece\\nodejs-ecommerce-app\\backend\\src\\routes\\orders.js": {"path":"C:\\Users\\wtita\\dev\\taylortreece\\nodejs-ecommerce-app\\backend\\src\\routes\\orders.js","statementMap":{"0":{"start":{"line":4,"column":15},"end":{"line":4,"column":31}},"1":{"start":{"line":6,"column":0},"end":{"line":8,"column":3}},"2":{"start":{"line":7,"column":3},"end":{"line":7,"column":45}}},"fnMap":{"0":{"name":"(anonymous_0)","decl":{"start":{"line":6,"column":22},"end":{"line":6,"column":23}},"loc":{"start":{"line":6,"column":48},"end":{"line":8,"column":1}},"line":6}},"branchMap":{},"s":{"0":1,"1":1,"2":0},"f":{"0":0},"b":{},"_coverageSchema":"1a1c01bbd47fc00a2c39e90264f33305004495a9","hash":"1a6d9016b497c1eb8457291274db0a701158174e"}
,"C:\\Users\\wtita\\dev\\taylortreece\\nodejs-ecommerce-app\\backend\\src\\routes\\products.js": {"path":"C:\\Users\\wtita\\dev\\taylortreece\\nodejs-ecommerce-app\\backend\\src\\routes\\products.js","statementMap":{"0":{"start":{"line":2,"column":15},"end":{"line":2,"column":31}},"1":{"start":{"line":4,"column":0},"end":{"line":6,"column":3}},"2":{"start":{"line":5,"column":2},"end":{"line":5,"column":46}}},"fnMap":{"0":{"name":"(anonymous_0)","decl":{"start":{"line":4,"column":16},"end":{"line":4,"column":17}},"loc":{"start":{"line":4,"column":42},"end":{"line":6,"column":1}},"line":4}},"branchMap":{},"s":{"0":1,"1":1,"2":1},"f":{"0":1},"b":{},"_coverageSchema":"1a1c01bbd47fc00a2c39e90264f33305004495a9","hash":"eb862a1c6da370477af8b1e150065ab8f216f7f8"}
,"C:\\Users\\wtita\\dev\\taylortreece\\nodejs-ecommerce-app\\backend\\src\\routes\\users.js": {"path":"C:\\Users\\wtita\\dev\\taylortreece\\nodejs-ecommerce-app\\backend\\src\\routes\\users.js","statementMap":{"0":{"start":{"line":3,"column":15},"end":{"line":3,"column":31}},"1":{"start":{"line":6,"column":0},"end":{"line":8,"column":3}},"2":{"start":{"line":7,"column":2},"end":{"line":7,"column":47}},"3":{"start":{"line":10,"column":0},"end":{"line":12,"column":3}},"4":{"start":{"line":11,"column":2},"end":{"line":11,"column":40}}},"fnMap":{"0":{"name":"(anonymous_0)","decl":{"start":{"line":6,"column":22},"end":{"line":6,"column":23}},"loc":{"start":{"line":6,"column":54},"end":{"line":8,"column":1}},"line":6},"1":{"name":"(anonymous_1)","decl":{"start":{"line":10,"column":27},"end":{"line":10,"column":28}},"loc":{"start":{"line":10,"column":53},"end":{"line":12,"column":1}},"line":10}},"branchMap":{},"s":{"0":1,"1":1,"2":0,"3":1,"4":0},"f":{"0":0,"1":0},"b":{},"_coverageSchema":"1a1c01bbd47fc00a2c39e90264f33305004495a9","hash":"2ab7edea1a8b597952a1e0d97624792c52e70580"}
}
