TN:
SF:dist\app.js
FN:33,_interopRequireDefault
FN:65,(anonymous_1)
FN:69,(anonymous_2)
FNF:3
FNH:1
FNDA:12,_interopRequireDefault
FNDA:0,(anonymous_1)
FNDA:0,(anonymous_2)
DA:3,1
DA:5,1
DA:7,1
DA:9,1
DA:11,1
DA:13,1
DA:15,1
DA:17,1
DA:19,1
DA:21,1
DA:23,1
DA:25,1
DA:27,1
DA:29,1
DA:31,1
DA:33,12
DA:41,1
DA:46,1
DA:49,1
DA:52,1
DA:53,1
DA:54,1
DA:56,1
DA:58,1
DA:59,1
DA:60,1
DA:61,1
DA:62,1
DA:63,1
DA:65,1
DA:66,0
DA:69,1
DA:71,0
DA:72,0
DA:74,0
DA:80,1
LF:36
LH:32
BRDA:33,0,0,6
BRDA:33,0,1,6
BRDA:33,1,0,12
BRDA:33,1,1,12
BRDA:72,2,0,0
BRDA:72,2,1,0
BRDA:74,3,0,0
BRDA:74,3,1,0
BRF:8
BRH:4
end_of_record
TN:
SF:dist\config\cors.js
FNF:0
FNH:0
DA:3,1
DA:6,1
DA:7,1
DA:12,1
LF:4
LH:4
BRF:0
BRH:0
end_of_record
TN:
SF:dist\config\morgan.js
FN:14,_interopRequireDefault
FNF:1
FNH:1
FNDA:3,_interopRequireDefault
DA:3,1
DA:6,1
DA:8,1
DA:10,1
DA:12,1
DA:14,3
DA:16,1
DA:20,1
DA:23,1
LF:9
LH:9
BRDA:14,0,0,0
BRDA:14,0,1,3
BRDA:14,1,0,3
BRDA:14,1,1,3
BRF:4
BRH:3
end_of_record
TN:
SF:dist\controllers\authController.js
FN:14,_interopRequireDefault
FN:17,(anonymous_1)
FN:67,(anonymous_2)
FNF:3
FNH:2
FNDA:3,_interopRequireDefault
FNDA:0,(anonymous_1)
FNDA:1,(anonymous_2)
DA:3,1
DA:6,1
DA:8,1
DA:10,1
DA:12,1
DA:14,3
DA:17,1
DA:18,0
DA:24,0
DA:26,0
DA:27,0
DA:32,0
DA:36,0
DA:37,0
DA:41,0
DA:42,0
DA:49,0
DA:56,0
DA:57,0
DA:60,0
DA:65,1
DA:67,1
DA:68,1
DA:73,1
DA:74,1
DA:76,1
DA:77,1
DA:81,1
DA:84,0
DA:86,0
DA:88,0
DA:90,0
DA:97,0
DA:99,0
DA:100,0
DA:103,0
DA:105,0
DA:109,1
LF:38
LH:16
BRDA:14,0,0,0
BRDA:14,0,1,3
BRDA:14,1,0,3
BRDA:14,1,1,3
BRDA:26,2,0,0
BRDA:26,2,1,0
BRDA:26,3,0,0
BRDA:26,3,1,0
BRDA:26,3,2,0
BRDA:26,3,3,0
BRDA:36,4,0,0
BRDA:36,4,1,0
BRDA:76,5,0,1
BRDA:76,5,1,0
BRDA:76,6,0,1
BRDA:76,6,1,0
BRDA:86,7,0,0
BRDA:86,7,1,0
BRDA:86,8,0,0
BRDA:86,8,1,0
BRF:20
BRH:5
end_of_record
TN:
SF:dist\middleware\verifyToken.js
FN:10,_interopRequireDefault
FN:14,(anonymous_1)
FNF:2
FNH:1
FNDA:1,_interopRequireDefault
FNDA:0,(anonymous_1)
DA:3,1
DA:6,1
DA:8,1
DA:10,1
DA:12,1
DA:14,1
DA:15,0
DA:17,0
DA:18,0
DA:21,0
DA:22,0
DA:24,0
DA:26,0
DA:29,0
DA:32,1
LF:15
LH:7
BRDA:10,0,0,0
BRDA:10,0,1,1
BRDA:10,1,0,1
BRDA:10,1,1,1
BRDA:15,2,0,0
BRDA:15,2,1,0
BRDA:15,2,2,0
BRDA:17,3,0,0
BRDA:17,3,1,0
BRF:9
BRH:3
end_of_record
TN:
SF:dist\models\user.js
FNF:0
FNH:0
DA:3,1
DA:5,1
DA:29,1
LF:3
LH:3
BRF:0
BRH:0
end_of_record
TN:
SF:dist\routes\auth.js
FN:12,_interopRequireDefault
FN:17,(anonymous_1)
FN:21,(anonymous_2)
FNF:3
FNH:2
FNDA:1,_interopRequireDefault
FNDA:0,(anonymous_1)
FNDA:1,(anonymous_2)
DA:3,1
DA:6,1
DA:8,1
DA:10,1
DA:12,1
DA:14,1
DA:17,1
DA:18,0
DA:21,1
DA:22,1
DA:24,1
DA:25,1
LF:12
LH:11
BRDA:12,0,0,0
BRDA:12,0,1,1
BRDA:12,1,0,1
BRDA:12,1,1,1
BRF:4
BRH:3
end_of_record
TN:
SF:dist\routes\carts.js
FN:12,_interopRequireDefault
FN:16,(anonymous_1)
FNF:2
FNH:1
FNDA:1,_interopRequireDefault
FNDA:0,(anonymous_1)
DA:3,1
DA:6,1
DA:8,1
DA:10,1
DA:12,1
DA:14,1
DA:16,1
DA:17,0
DA:19,1
DA:20,1
LF:10
LH:9
BRDA:12,0,0,0
BRDA:12,0,1,1
BRDA:12,1,0,1
BRDA:12,1,1,1
BRF:4
BRH:3
end_of_record
TN:
SF:dist\routes\index.js
FN:10,_interopRequireDefault
FN:17,(anonymous_1)
FNF:2
FNH:2
FNDA:1,_interopRequireDefault
FNDA:1,(anonymous_1)
DA:3,1
DA:6,1
DA:8,1
DA:10,1
DA:12,1
DA:17,1
DA:18,1
DA:20,1
DA:21,1
LF:9
LH:9
BRDA:10,0,0,0
BRDA:10,0,1,1
BRDA:10,1,0,1
BRDA:10,1,1,1
BRF:4
BRH:3
end_of_record
TN:
SF:dist\routes\orders.js
FN:12,_interopRequireDefault
FN:17,(anonymous_1)
FNF:2
FNH:1
FNDA:1,_interopRequireDefault
FNDA:0,(anonymous_1)
DA:3,1
DA:6,1
DA:8,1
DA:10,1
DA:12,1
DA:15,1
DA:17,1
DA:18,0
DA:20,1
DA:21,1
LF:10
LH:9
BRDA:12,0,0,0
BRDA:12,0,1,1
BRDA:12,1,0,1
BRDA:12,1,1,1
BRF:4
BRH:3
end_of_record
TN:
SF:dist\routes\products.js
FN:10,_interopRequireDefault
FN:14,(anonymous_1)
FNF:2
FNH:2
FNDA:1,_interopRequireDefault
FNDA:1,(anonymous_1)
DA:3,1
DA:6,1
DA:8,1
DA:10,1
DA:12,1
DA:14,1
DA:15,1
DA:17,1
DA:18,1
LF:9
LH:9
BRDA:10,0,0,0
BRDA:10,0,1,1
BRDA:10,1,0,1
BRDA:10,1,1,1
BRF:4
BRH:3
end_of_record
TN:
SF:dist\routes\users.js
FN:12,_interopRequireDefault
FN:18,(anonymous_1)
FN:21,(anonymous_2)
FNF:3
FNH:1
FNDA:1,_interopRequireDefault
FNDA:0,(anonymous_1)
FNDA:0,(anonymous_2)
DA:3,1
DA:6,1
DA:8,1
DA:10,1
DA:12,1
DA:14,1
DA:18,1
DA:19,0
DA:21,1
DA:22,0
DA:24,1
DA:25,1
LF:12
LH:10
BRDA:12,0,0,0
BRDA:12,0,1,1
BRDA:12,1,0,1
BRDA:12,1,1,1
BRF:4
BRH:3
end_of_record
