{"C:\\Users\\wtita\\dev\\taylortreece\\nodejs-ecommerce-app\\backend\\src\\app.js": {"path":"C:\\Users\\wtita\\dev\\taylortreece\\nodejs-ecommerce-app\\backend\\src\\app.js","statementMap":{"0":{"start":{"line":26,"column":12},"end":{"line":26,"column":21}},"1":{"start":{"line":33,"column":0},"end":{"line":33,"column":41}},"2":{"start":{"line":34,"column":0},"end":{"line":34,"column":49}},"3":{"start":{"line":35,"column":0},"end":{"line":35,"column":24}},"4":{"start":{"line":36,"column":0},"end":{"line":36,"column":56}},"5":{"start":{"line":38,"column":0},"end":{"line":38,"column":16}},"6":{"start":{"line":39,"column":0},"end":{"line":39,"column":27}},"7":{"start":{"line":42,"column":0},"end":{"line":42,"column":26}},"8":{"start":{"line":43,"column":0},"end":{"line":43,"column":31}},"9":{"start":{"line":44,"column":0},"end":{"line":44,"column":29}},"10":{"start":{"line":45,"column":0},"end":{"line":45,"column":37}},"11":{"start":{"line":46,"column":0},"end":{"line":46,"column":33}},"12":{"start":{"line":47,"column":0},"end":{"line":47,"column":31}},"13":{"start":{"line":50,"column":0},"end":{"line":52,"column":3}},"14":{"start":{"line":51,"column":3},"end":{"line":51,"column":26}},"15":{"start":{"line":55,"column":0},"end":{"line":66,"column":3}},"16":{"start":{"line":57,"column":3},"end":{"line":57,"column":36}},"17":{"start":{"line":58,"column":3},"end":{"line":58,"column":70}},"18":{"start":{"line":61,"column":3},"end":{"line":65,"column":6}},"19":{"start":{"line":68,"column":0},"end":{"line":68,"column":21}}},"fnMap":{"0":{"name":"(anonymous_0)","decl":{"start":{"line":50,"column":8},"end":{"line":50,"column":9}},"loc":{"start":{"line":50,"column":34},"end":{"line":52,"column":1}},"line":50},"1":{"name":"(anonymous_1)","decl":{"start":{"line":55,"column":8},"end":{"line":55,"column":9}},"loc":{"start":{"line":55,"column":39},"end":{"line":66,"column":1}},"line":55}},"branchMap":{"0":{"loc":{"start":{"line":58,"column":22},"end":{"line":58,"column":69}},"type":"cond-expr","locations":[{"start":{"line":58,"column":61},"end":{"line":58,"column":64}},{"start":{"line":58,"column":67},"end":{"line":58,"column":69}}],"line":58},"1":{"loc":{"start":{"line":61,"column":14},"end":{"line":61,"column":31}},"type":"binary-expr","locations":[{"start":{"line":61,"column":14},"end":{"line":61,"column":24}},{"start":{"line":61,"column":28},"end":{"line":61,"column":31}}],"line":61}},"s":{"0":2,"1":2,"2":2,"3":2,"4":2,"5":2,"6":2,"7":2,"8":2,"9":2,"10":2,"11":2,"12":2,"13":2,"14":0,"15":2,"16":0,"17":0,"18":0,"19":2},"f":{"0":0,"1":0},"b":{"0":[0,0],"1":[0,0]},"_coverageSchema":"1a1c01bbd47fc00a2c39e90264f33305004495a9","hash":"321141a213ca6d9c5f8a9c3cbff85cfef04b5e6d"}
,"C:\\Users\\wtita\\dev\\taylortreece\\nodejs-ecommerce-app\\backend\\src\\config\\cors.js": {"path":"C:\\Users\\wtita\\dev\\taylortreece\\nodejs-ecommerce-app\\backend\\src\\config\\cors.js","statementMap":{"0":{"start":{"line":1,"column":27},"end":{"line":4,"column":1}}},"fnMap":{},"branchMap":{},"s":{"0":2},"f":{},"b":{},"_coverageSchema":"1a1c01bbd47fc00a2c39e90264f33305004495a9","hash":"78336f3e29d305368abc662771371fd00887b734"}
,"C:\\Users\\wtita\\dev\\taylortreece\\nodejs-ecommerce-app\\backend\\src\\config\\morgan.js": {"path":"C:\\Users\\wtita\\dev\\taylortreece\\nodejs-ecommerce-app\\backend\\src\\config\\morgan.js","statementMap":{"0":{"start":{"line":5,"column":24},"end":{"line":8,"column":1}},"1":{"start":{"line":10,"column":22},"end":{"line":12,"column":2}}},"fnMap":{},"branchMap":{},"s":{"0":2,"1":2},"f":{},"b":{},"_coverageSchema":"1a1c01bbd47fc00a2c39e90264f33305004495a9","hash":"cd88724213a03700e574fd836fc8d7d894593026"}
,"C:\\Users\\wtita\\dev\\taylortreece\\nodejs-ecommerce-app\\backend\\src\\controllers\\authController.js": {"path":"C:\\Users\\wtita\\dev\\taylortreece\\nodejs-ecommerce-app\\backend\\src\\controllers\\authController.js","statementMap":{"0":{"start":{"line":6,"column":24},"end":{"line":46,"column":1}},"1":{"start":{"line":7,"column":3},"end":{"line":45,"column":4}},"2":{"start":{"line":8,"column":55},"end":{"line":8,"column":63}},"3":{"start":{"line":10,"column":6},"end":{"line":12,"column":7}},"4":{"start":{"line":11,"column":9},"end":{"line":11,"column":57}},"5":{"start":{"line":16,"column":22},"end":{"line":16,"column":51}},"6":{"start":{"line":18,"column":6},"end":{"line":20,"column":7}},"7":{"start":{"line":19,"column":9},"end":{"line":19,"column":75}},"8":{"start":{"line":23,"column":35},"end":{"line":23,"column":66}},"9":{"start":{"line":25,"column":19},"end":{"line":30,"column":8}},"10":{"start":{"line":33,"column":20},"end":{"line":37,"column":7}},"11":{"start":{"line":39,"column":6},"end":{"line":39,"column":25}},"12":{"start":{"line":41,"column":6},"end":{"line":41,"column":33}},"13":{"start":{"line":44,"column":6},"end":{"line":44,"column":23}},"14":{"start":{"line":49,"column":21},"end":{"line":80,"column":1}},"15":{"start":{"line":50,"column":3},"end":{"line":79,"column":4}},"16":{"start":{"line":52,"column":34},"end":{"line":52,"column":42}},"17":{"start":{"line":54,"column":6},"end":{"line":56,"column":7}},"18":{"start":{"line":55,"column":9},"end":{"line":55,"column":62}},"19":{"start":{"line":59,"column":19},"end":{"line":59,"column":48}},"20":{"start":{"line":61,"column":6},"end":{"line":74,"column":7}},"21":{"start":{"line":63,"column":23},"end":{"line":69,"column":10}},"22":{"start":{"line":71,"column":9},"end":{"line":71,"column":28}},"23":{"start":{"line":73,"column":9},"end":{"line":73,"column":43}},"24":{"start":{"line":76,"column":6},"end":{"line":76,"column":57}},"25":{"start":{"line":78,"column":6},"end":{"line":78,"column":43}}},"fnMap":{"0":{"name":"(anonymous_0)","decl":{"start":{"line":6,"column":24},"end":{"line":6,"column":25}},"loc":{"start":{"line":6,"column":50},"end":{"line":46,"column":1}},"line":6},"1":{"name":"(anonymous_1)","decl":{"start":{"line":49,"column":21},"end":{"line":49,"column":22}},"loc":{"start":{"line":49,"column":47},"end":{"line":80,"column":1}},"line":49}},"branchMap":{"0":{"loc":{"start":{"line":10,"column":6},"end":{"line":12,"column":7}},"type":"if","locations":[{"start":{"line":10,"column":6},"end":{"line":12,"column":7}},{"start":{},"end":{}}],"line":10},"1":{"loc":{"start":{"line":10,"column":12},"end":{"line":10,"column":54}},"type":"binary-expr","locations":[{"start":{"line":10,"column":12},"end":{"line":10,"column":17}},{"start":{"line":10,"column":21},"end":{"line":10,"column":29}},{"start":{"line":10,"column":33},"end":{"line":10,"column":42}},{"start":{"line":10,"column":46},"end":{"line":10,"column":54}}],"line":10},"2":{"loc":{"start":{"line":18,"column":6},"end":{"line":20,"column":7}},"type":"if","locations":[{"start":{"line":18,"column":6},"end":{"line":20,"column":7}},{"start":{},"end":{}}],"line":18},"3":{"loc":{"start":{"line":54,"column":6},"end":{"line":56,"column":7}},"type":"if","locations":[{"start":{"line":54,"column":6},"end":{"line":56,"column":7}},{"start":{},"end":{}}],"line":54},"4":{"loc":{"start":{"line":54,"column":12},"end":{"line":54,"column":29}},"type":"binary-expr","locations":[{"start":{"line":54,"column":12},"end":{"line":54,"column":17}},{"start":{"line":54,"column":21},"end":{"line":54,"column":29}}],"line":54},"5":{"loc":{"start":{"line":61,"column":6},"end":{"line":74,"column":7}},"type":"if","locations":[{"start":{"line":61,"column":6},"end":{"line":74,"column":7}},{"start":{},"end":{}}],"line":61},"6":{"loc":{"start":{"line":61,"column":10},"end":{"line":61,"column":65}},"type":"binary-expr","locations":[{"start":{"line":61,"column":10},"end":{"line":61,"column":14}},{"start":{"line":61,"column":19},"end":{"line":61,"column":64}}],"line":61}},"s":{"0":2,"1":1,"2":1,"3":1,"4":1,"5":1,"6":1,"7":0,"8":1,"9":0,"10":0,"11":0,"12":0,"13":1,"14":2,"15":1,"16":1,"17":1,"18":1,"19":0,"20":0,"21":0,"22":0,"23":0,"24":0,"25":0},"f":{"0":1,"1":1},"b":{"0":[1,0],"1":[1,0,0,0],"2":[0,1],"3":[1,0],"4":[1,0],"5":[0,0],"6":[0,0]},"_coverageSchema":"1a1c01bbd47fc00a2c39e90264f33305004495a9","hash":"0ac8a90f01bf4b9824dec65cafac620e4173d125"}
,"C:\\Users\\wtita\\dev\\taylortreece\\nodejs-ecommerce-app\\backend\\src\\middleware\\verifyToken.js": {"path":"C:\\Users\\wtita\\dev\\taylortreece\\nodejs-ecommerce-app\\backend\\src\\middleware\\verifyToken.js","statementMap":{"0":{"start":{"line":2,"column":15},"end":{"line":2,"column":26}},"1":{"start":{"line":4,"column":27},"end":{"line":19,"column":1}},"2":{"start":{"line":6,"column":4},"end":{"line":6,"column":70}},"3":{"start":{"line":8,"column":2},"end":{"line":10,"column":3}},"4":{"start":{"line":9,"column":4},"end":{"line":9,"column":74}},"5":{"start":{"line":12,"column":2},"end":{"line":17,"column":3}},"6":{"start":{"line":13,"column":20},"end":{"line":13,"column":55}},"7":{"start":{"line":14,"column":4},"end":{"line":14,"column":23}},"8":{"start":{"line":16,"column":4},"end":{"line":16,"column":49}},"9":{"start":{"line":18,"column":2},"end":{"line":18,"column":16}}},"fnMap":{"0":{"name":"(anonymous_0)","decl":{"start":{"line":4,"column":27},"end":{"line":4,"column":28}},"loc":{"start":{"line":4,"column":47},"end":{"line":19,"column":1}},"line":4}},"branchMap":{"0":{"loc":{"start":{"line":6,"column":4},"end":{"line":6,"column":70}},"type":"binary-expr","locations":[{"start":{"line":6,"column":4},"end":{"line":6,"column":18}},{"start":{"line":6,"column":22},"end":{"line":6,"column":37}},{"start":{"line":6,"column":41},"end":{"line":6,"column":70}}],"line":6},"1":{"loc":{"start":{"line":8,"column":2},"end":{"line":10,"column":3}},"type":"if","locations":[{"start":{"line":8,"column":2},"end":{"line":10,"column":3}},{"start":{},"end":{}}],"line":8}},"s":{"0":2,"1":2,"2":0,"3":0,"4":0,"5":0,"6":0,"7":0,"8":0,"9":0},"f":{"0":0},"b":{"0":[0,0,0],"1":[0,0]},"_coverageSchema":"1a1c01bbd47fc00a2c39e90264f33305004495a9","hash":"91d557612ad1a261dd7547b050b9b3e876040eed"}
,"C:\\Users\\wtita\\dev\\taylortreece\\nodejs-ecommerce-app\\backend\\src\\models\\user.js": {"path":"C:\\Users\\wtita\\dev\\taylortreece\\nodejs-ecommerce-app\\backend\\src\\models\\user.js","statementMap":{"0":{"start":{"line":3,"column":19},"end":{"line":10,"column":2}}},"fnMap":{},"branchMap":{},"s":{"0":2},"f":{},"b":{},"_coverageSchema":"1a1c01bbd47fc00a2c39e90264f33305004495a9","hash":"4a1655331693efd60f56132600260963397a67d9"}
,"C:\\Users\\wtita\\dev\\taylortreece\\nodejs-ecommerce-app\\backend\\src\\routes\\auth.js": {"path":"C:\\Users\\wtita\\dev\\taylortreece\\nodejs-ecommerce-app\\backend\\src\\routes\\auth.js","statementMap":{"0":{"start":{"line":3,"column":15},"end":{"line":3,"column":31}},"1":{"start":{"line":6,"column":0},"end":{"line":8,"column":3}},"2":{"start":{"line":7,"column":3},"end":{"line":7,"column":63}},"3":{"start":{"line":10,"column":0},"end":{"line":12,"column":3}},"4":{"start":{"line":11,"column":3},"end":{"line":11,"column":28}},"5":{"start":{"line":15,"column":0},"end":{"line":17,"column":3}},"6":{"start":{"line":16,"column":3},"end":{"line":16,"column":56}},"7":{"start":{"line":19,"column":0},"end":{"line":21,"column":3}},"8":{"start":{"line":20,"column":3},"end":{"line":20,"column":25}}},"fnMap":{"0":{"name":"(anonymous_0)","decl":{"start":{"line":6,"column":24},"end":{"line":6,"column":25}},"loc":{"start":{"line":6,"column":44},"end":{"line":8,"column":1}},"line":6},"1":{"name":"(anonymous_1)","decl":{"start":{"line":10,"column":25},"end":{"line":10,"column":26}},"loc":{"start":{"line":10,"column":45},"end":{"line":12,"column":1}},"line":10},"2":{"name":"(anonymous_2)","decl":{"start":{"line":15,"column":21},"end":{"line":15,"column":22}},"loc":{"start":{"line":15,"column":41},"end":{"line":17,"column":1}},"line":15},"3":{"name":"(anonymous_3)","decl":{"start":{"line":19,"column":22},"end":{"line":19,"column":23}},"loc":{"start":{"line":19,"column":42},"end":{"line":21,"column":1}},"line":19}},"branchMap":{},"s":{"0":2,"1":2,"2":1,"3":2,"4":1,"5":2,"6":1,"7":2,"8":1},"f":{"0":1,"1":1,"2":1,"3":1},"b":{},"_coverageSchema":"1a1c01bbd47fc00a2c39e90264f33305004495a9","hash":"6cfd0a27131ab76b346c33dc9c9c1e9d1a36f77b"}
,"C:\\Users\\wtita\\dev\\taylortreece\\nodejs-ecommerce-app\\backend\\src\\routes\\carts.js": {"path":"C:\\Users\\wtita\\dev\\taylortreece\\nodejs-ecommerce-app\\backend\\src\\routes\\carts.js","statementMap":{"0":{"start":{"line":3,"column":15},"end":{"line":3,"column":31}},"1":{"start":{"line":5,"column":0},"end":{"line":7,"column":3}},"2":{"start":{"line":6,"column":2},"end":{"line":6,"column":43}}},"fnMap":{"0":{"name":"(anonymous_0)","decl":{"start":{"line":5,"column":22},"end":{"line":5,"column":23}},"loc":{"start":{"line":5,"column":48},"end":{"line":7,"column":1}},"line":5}},"branchMap":{},"s":{"0":2,"1":2,"2":0},"f":{"0":0},"b":{},"_coverageSchema":"1a1c01bbd47fc00a2c39e90264f33305004495a9","hash":"14dd869851db4e5ddbe5c2cfed746612f2dead34"}
,"C:\\Users\\wtita\\dev\\taylortreece\\nodejs-ecommerce-app\\backend\\src\\routes\\index.js": {"path":"C:\\Users\\wtita\\dev\\taylortreece\\nodejs-ecommerce-app\\backend\\src\\routes\\index.js","statementMap":{"0":{"start":{"line":2,"column":15},"end":{"line":2,"column":31}},"1":{"start":{"line":6,"column":0},"end":{"line":8,"column":3}},"2":{"start":{"line":7,"column":2},"end":{"line":7,"column":52}}},"fnMap":{"0":{"name":"(anonymous_0)","decl":{"start":{"line":6,"column":16},"end":{"line":6,"column":17}},"loc":{"start":{"line":6,"column":42},"end":{"line":8,"column":1}},"line":6}},"branchMap":{},"s":{"0":2,"1":2,"2":1},"f":{"0":1},"b":{},"_coverageSchema":"1a1c01bbd47fc00a2c39e90264f33305004495a9","hash":"ed7deb424ebd1c8a50c4a7ce5cde104b60e33915"}
,"C:\\Users\\wtita\\dev\\taylortreece\\nodejs-ecommerce-app\\backend\\src\\routes\\orders.js": {"path":"C:\\Users\\wtita\\dev\\taylortreece\\nodejs-ecommerce-app\\backend\\src\\routes\\orders.js","statementMap":{"0":{"start":{"line":4,"column":15},"end":{"line":4,"column":31}},"1":{"start":{"line":6,"column":0},"end":{"line":8,"column":3}},"2":{"start":{"line":7,"column":3},"end":{"line":7,"column":45}}},"fnMap":{"0":{"name":"(anonymous_0)","decl":{"start":{"line":6,"column":22},"end":{"line":6,"column":23}},"loc":{"start":{"line":6,"column":48},"end":{"line":8,"column":1}},"line":6}},"branchMap":{},"s":{"0":2,"1":2,"2":0},"f":{"0":0},"b":{},"_coverageSchema":"1a1c01bbd47fc00a2c39e90264f33305004495a9","hash":"1a6d9016b497c1eb8457291274db0a701158174e"}
,"C:\\Users\\wtita\\dev\\taylortreece\\nodejs-ecommerce-app\\backend\\src\\routes\\products.js": {"path":"C:\\Users\\wtita\\dev\\taylortreece\\nodejs-ecommerce-app\\backend\\src\\routes\\products.js","statementMap":{"0":{"start":{"line":2,"column":15},"end":{"line":2,"column":31}},"1":{"start":{"line":4,"column":0},"end":{"line":6,"column":3}},"2":{"start":{"line":5,"column":2},"end":{"line":5,"column":46}}},"fnMap":{"0":{"name":"(anonymous_0)","decl":{"start":{"line":4,"column":16},"end":{"line":4,"column":17}},"loc":{"start":{"line":4,"column":42},"end":{"line":6,"column":1}},"line":4}},"branchMap":{},"s":{"0":2,"1":2,"2":1},"f":{"0":1},"b":{},"_coverageSchema":"1a1c01bbd47fc00a2c39e90264f33305004495a9","hash":"eb862a1c6da370477af8b1e150065ab8f216f7f8"}
,"C:\\Users\\wtita\\dev\\taylortreece\\nodejs-ecommerce-app\\backend\\src\\routes\\users.js": {"path":"C:\\Users\\wtita\\dev\\taylortreece\\nodejs-ecommerce-app\\backend\\src\\routes\\users.js","statementMap":{"0":{"start":{"line":3,"column":15},"end":{"line":3,"column":31}},"1":{"start":{"line":6,"column":0},"end":{"line":8,"column":3}},"2":{"start":{"line":7,"column":2},"end":{"line":7,"column":47}},"3":{"start":{"line":10,"column":0},"end":{"line":12,"column":3}},"4":{"start":{"line":11,"column":2},"end":{"line":11,"column":40}}},"fnMap":{"0":{"name":"(anonymous_0)","decl":{"start":{"line":6,"column":22},"end":{"line":6,"column":23}},"loc":{"start":{"line":6,"column":54},"end":{"line":8,"column":1}},"line":6},"1":{"name":"(anonymous_1)","decl":{"start":{"line":10,"column":27},"end":{"line":10,"column":28}},"loc":{"start":{"line":10,"column":53},"end":{"line":12,"column":1}},"line":10}},"branchMap":{},"s":{"0":2,"1":2,"2":0,"3":2,"4":0},"f":{"0":0,"1":0},"b":{},"_coverageSchema":"1a1c01bbd47fc00a2c39e90264f33305004495a9","hash":"2ab7edea1a8b597952a1e0d97624792c52e70580"}
}
