TN:
SF:src\app.js
FN:50,(anonymous_0)
FN:55,(anonymous_1)
FNF:2
FNH:0
FNDA:0,(anonymous_0)
FNDA:0,(anonymous_1)
DA:26,2
DA:33,2
DA:34,2
DA:35,2
DA:36,2
DA:38,2
DA:39,2
DA:42,2
DA:43,2
DA:44,2
DA:45,2
DA:46,2
DA:47,2
DA:50,2
DA:51,0
DA:55,2
DA:57,0
DA:58,0
DA:61,0
DA:68,2
LF:20
LH:16
BRDA:58,0,0,0
BRDA:58,0,1,0
BRDA:61,1,0,0
BRDA:61,1,1,0
BRF:4
BRH:0
end_of_record
TN:
SF:src\config\cors.js
FNF:0
FNH:0
DA:1,2
LF:1
LH:1
BRF:0
BRH:0
end_of_record
TN:
SF:src\config\morgan.js
FNF:0
FNH:0
DA:5,2
DA:10,2
LF:2
LH:2
BRF:0
BRH:0
end_of_record
TN:
SF:src\controllers\authController.js
FN:6,(anonymous_0)
FN:49,(anonymous_1)
FNF:2
FNH:2
FNDA:1,(anonymous_0)
FNDA:1,(anonymous_1)
DA:6,2
DA:7,1
DA:8,1
DA:10,1
DA:11,1
DA:16,1
DA:18,1
DA:19,0
DA:23,1
DA:25,0
DA:33,0
DA:39,0
DA:41,0
DA:44,1
DA:49,2
DA:50,1
DA:52,1
DA:54,1
DA:55,1
DA:59,0
DA:61,0
DA:63,0
DA:71,0
DA:73,0
DA:76,0
DA:78,0
LF:26
LH:14
BRDA:10,0,0,1
BRDA:10,0,1,0
BRDA:10,1,0,1
BRDA:10,1,1,0
BRDA:10,1,2,0
BRDA:10,1,3,0
BRDA:18,2,0,0
BRDA:18,2,1,1
BRDA:54,3,0,1
BRDA:54,3,1,0
BRDA:54,4,0,1
BRDA:54,4,1,0
BRDA:61,5,0,0
BRDA:61,5,1,0
BRDA:61,6,0,0
BRDA:61,6,1,0
BRF:16
BRH:5
end_of_record
TN:
SF:src\middleware\verifyToken.js
FN:4,(anonymous_0)
FNF:1
FNH:0
FNDA:0,(anonymous_0)
DA:2,2
DA:4,2
DA:6,0
DA:8,0
DA:9,0
DA:12,0
DA:13,0
DA:14,0
DA:16,0
DA:18,0
LF:10
LH:2
BRDA:6,0,0,0
BRDA:6,0,1,0
BRDA:6,0,2,0
BRDA:8,1,0,0
BRDA:8,1,1,0
BRF:5
BRH:0
end_of_record
TN:
SF:src\models\user.js
FNF:0
FNH:0
DA:3,2
LF:1
LH:1
BRF:0
BRH:0
end_of_record
TN:
SF:src\routes\auth.js
FN:6,(anonymous_0)
FN:10,(anonymous_1)
FN:15,(anonymous_2)
FN:19,(anonymous_3)
FNF:4
FNH:4
FNDA:1,(anonymous_0)
FNDA:1,(anonymous_1)
FNDA:1,(anonymous_2)
FNDA:1,(anonymous_3)
DA:3,2
DA:6,2
DA:7,1
DA:10,2
DA:11,1
DA:15,2
DA:16,1
DA:19,2
DA:20,1
LF:9
LH:9
BRF:0
BRH:0
end_of_record
TN:
SF:src\routes\carts.js
FN:5,(anonymous_0)
FNF:1
FNH:0
FNDA:0,(anonymous_0)
DA:3,2
DA:5,2
DA:6,0
LF:3
LH:2
BRF:0
BRH:0
end_of_record
TN:
SF:src\routes\index.js
FN:6,(anonymous_0)
FNF:1
FNH:1
FNDA:1,(anonymous_0)
DA:2,2
DA:6,2
DA:7,1
LF:3
LH:3
BRF:0
BRH:0
end_of_record
TN:
SF:src\routes\orders.js
FN:6,(anonymous_0)
FNF:1
FNH:0
FNDA:0,(anonymous_0)
DA:4,2
DA:6,2
DA:7,0
LF:3
LH:2
BRF:0
BRH:0
end_of_record
TN:
SF:src\routes\products.js
FN:4,(anonymous_0)
FNF:1
FNH:1
FNDA:1,(anonymous_0)
DA:2,2
DA:4,2
DA:5,1
LF:3
LH:3
BRF:0
BRH:0
end_of_record
TN:
SF:src\routes\users.js
FN:6,(anonymous_0)
FN:10,(anonymous_1)
FNF:2
FNH:0
FNDA:0,(anonymous_0)
FNDA:0,(anonymous_1)
DA:3,2
DA:6,2
DA:7,0
DA:10,2
DA:11,0
LF:5
LH:3
BRF:0
BRH:0
end_of_record
